{"E:\\2021\\javascript-json-parser\\src\\io\\CharStream.js": {"path":"E:\\2021\\javascript-json-parser\\src\\io\\CharStream.js","statementMap":{"0":{"start":{"line":3,"column":13},"end":{"line":3,"column":40}},"1":{"start":{"line":6,"column":17},"end":{"line":6,"column":21}},"2":{"start":{"line":9,"column":8},"end":{"line":9,"column":32}},"3":{"start":{"line":10,"column":8},"end":{"line":10,"column":30}},"4":{"start":{"line":12,"column":8},"end":{"line":12,"column":26}},"5":{"start":{"line":13,"column":8},"end":{"line":13,"column":28}},"6":{"start":{"line":14,"column":8},"end":{"line":14,"column":24}},"7":{"start":{"line":15,"column":8},"end":{"line":15,"column":22}},"8":{"start":{"line":17,"column":8},"end":{"line":17,"column":25}},"9":{"start":{"line":18,"column":8},"end":{"line":18,"column":25}},"10":{"start":{"line":19,"column":8},"end":{"line":19,"column":41}},"11":{"start":{"line":20,"column":8},"end":{"line":20,"column":23}},"12":{"start":{"line":22,"column":8},"end":{"line":22,"column":34}},"13":{"start":{"line":23,"column":8},"end":{"line":23,"column":34}},"14":{"start":{"line":24,"column":8},"end":{"line":24,"column":25}},"15":{"start":{"line":26,"column":8},"end":{"line":26,"column":28}},"16":{"start":{"line":27,"column":8},"end":{"line":27,"column":54}},"17":{"start":{"line":28,"column":8},"end":{"line":28,"column":25}},"18":{"start":{"line":29,"column":8},"end":{"line":29,"column":34}},"19":{"start":{"line":33,"column":8},"end":{"line":36,"column":9}},"20":{"start":{"line":35,"column":12},"end":{"line":35,"column":41}},"21":{"start":{"line":37,"column":8},"end":{"line":37,"column":28}},"22":{"start":{"line":38,"column":8},"end":{"line":38,"column":25}},"23":{"start":{"line":39,"column":8},"end":{"line":39,"column":31}},"24":{"start":{"line":43,"column":8},"end":{"line":46,"column":9}},"25":{"start":{"line":45,"column":12},"end":{"line":45,"column":41}},"26":{"start":{"line":47,"column":8},"end":{"line":48,"column":34}},"27":{"start":{"line":48,"column":12},"end":{"line":48,"column":34}},"28":{"start":{"line":51,"column":8},"end":{"line":56,"column":9}},"29":{"start":{"line":52,"column":12},"end":{"line":52,"column":40}},"30":{"start":{"line":54,"column":12},"end":{"line":54,"column":37}},"31":{"start":{"line":55,"column":12},"end":{"line":55,"column":21}},"32":{"start":{"line":61,"column":8},"end":{"line":62,"column":28}},"33":{"start":{"line":62,"column":12},"end":{"line":62,"column":28}},"34":{"start":{"line":63,"column":8},"end":{"line":63,"column":110}},"35":{"start":{"line":64,"column":8},"end":{"line":64,"column":50}},"36":{"start":{"line":69,"column":8},"end":{"line":70,"column":55}},"37":{"start":{"line":70,"column":12},"end":{"line":70,"column":55}},"38":{"start":{"line":71,"column":8},"end":{"line":87,"column":9}},"39":{"start":{"line":72,"column":12},"end":{"line":77,"column":13}},"40":{"start":{"line":73,"column":16},"end":{"line":73,"column":41}},"41":{"start":{"line":74,"column":16},"end":{"line":74,"column":63}},"42":{"start":{"line":76,"column":16},"end":{"line":76,"column":41}},"43":{"start":{"line":79,"column":12},"end":{"line":85,"column":13}},"44":{"start":{"line":80,"column":16},"end":{"line":80,"column":30}},"45":{"start":{"line":81,"column":16},"end":{"line":81,"column":31}},"46":{"start":{"line":83,"column":16},"end":{"line":83,"column":54}},"47":{"start":{"line":84,"column":16},"end":{"line":84,"column":57}},"48":{"start":{"line":86,"column":12},"end":{"line":86,"column":20}},"49":{"start":{"line":91,"column":8},"end":{"line":91,"column":71}},"50":{"start":{"line":92,"column":8},"end":{"line":92,"column":29}},"51":{"start":{"line":93,"column":8},"end":{"line":94,"column":40}},"52":{"start":{"line":94,"column":12},"end":{"line":94,"column":40}},"53":{"start":{"line":96,"column":8},"end":{"line":96,"column":71}},"54":{"start":{"line":100,"column":8},"end":{"line":100,"column":57}},"55":{"start":{"line":101,"column":8},"end":{"line":101,"column":21}},"56":{"start":{"line":102,"column":8},"end":{"line":103,"column":28}},"57":{"start":{"line":103,"column":12},"end":{"line":103,"column":28}},"58":{"start":{"line":104,"column":8},"end":{"line":104,"column":40}},"59":{"start":{"line":108,"column":8},"end":{"line":120,"column":9}},"60":{"start":{"line":109,"column":12},"end":{"line":113,"column":13}},"61":{"start":{"line":110,"column":16},"end":{"line":110,"column":32}},"62":{"start":{"line":112,"column":16},"end":{"line":112,"column":38}},"63":{"start":{"line":114,"column":15},"end":{"line":120,"column":9}},"64":{"start":{"line":115,"column":12},"end":{"line":115,"column":42}},"65":{"start":{"line":116,"column":15},"end":{"line":120,"column":9}},"66":{"start":{"line":117,"column":12},"end":{"line":117,"column":34}},"67":{"start":{"line":119,"column":12},"end":{"line":119,"column":45}},"68":{"start":{"line":124,"column":8},"end":{"line":124,"column":57}},"69":{"start":{"line":128,"column":8},"end":{"line":128,"column":57}},"70":{"start":{"line":132,"column":8},"end":{"line":132,"column":22}},"71":{"start":{"line":133,"column":8},"end":{"line":143,"column":9}},"72":{"start":{"line":134,"column":12},"end":{"line":134,"column":38}},"73":{"start":{"line":135,"column":12},"end":{"line":135,"column":43}},"74":{"start":{"line":136,"column":15},"end":{"line":143,"column":9}},"75":{"start":{"line":137,"column":12},"end":{"line":137,"column":38}},"76":{"start":{"line":138,"column":12},"end":{"line":142,"column":13}},"77":{"start":{"line":139,"column":16},"end":{"line":139,"column":41}},"78":{"start":{"line":141,"column":16},"end":{"line":141,"column":47}},"79":{"start":{"line":145,"column":8},"end":{"line":163,"column":9}},"80":{"start":{"line":147,"column":16},"end":{"line":147,"column":34}},"81":{"start":{"line":148,"column":16},"end":{"line":148,"column":41}},"82":{"start":{"line":149,"column":16},"end":{"line":149,"column":22}},"83":{"start":{"line":151,"column":16},"end":{"line":151,"column":34}},"84":{"start":{"line":152,"column":16},"end":{"line":152,"column":41}},"85":{"start":{"line":153,"column":16},"end":{"line":153,"column":22}},"86":{"start":{"line":155,"column":16},"end":{"line":155,"column":34}},"87":{"start":{"line":156,"column":16},"end":{"line":156,"column":30}},"88":{"start":{"line":157,"column":16},"end":{"line":157,"column":77}},"89":{"start":{"line":158,"column":16},"end":{"line":158,"column":22}},"90":{"start":{"line":160,"column":16},"end":{"line":160,"column":22}},"91":{"start":{"line":162,"column":16},"end":{"line":162,"column":22}},"92":{"start":{"line":165,"column":8},"end":{"line":165,"column":46}},"93":{"start":{"line":166,"column":8},"end":{"line":166,"column":50}},"94":{"start":{"line":170,"column":8},"end":{"line":170,"column":26}},"95":{"start":{"line":175,"column":8},"end":{"line":175,"column":81}},"96":{"start":{"line":177,"column":8},"end":{"line":183,"column":9}},"97":{"start":{"line":178,"column":12},"end":{"line":178,"column":99}},"98":{"start":{"line":179,"column":12},"end":{"line":179,"column":60}},"99":{"start":{"line":181,"column":12},"end":{"line":181,"column":164}},"100":{"start":{"line":182,"column":12},"end":{"line":182,"column":60}},"101":{"start":{"line":184,"column":8},"end":{"line":184,"column":36}},"102":{"start":{"line":188,"column":8},"end":{"line":188,"column":43}},"103":{"start":{"line":192,"column":8},"end":{"line":192,"column":41}},"104":{"start":{"line":196,"column":8},"end":{"line":196,"column":41}},"105":{"start":{"line":200,"column":8},"end":{"line":200,"column":47}},"106":{"start":{"line":204,"column":8},"end":{"line":204,"column":45}}},"fnMap":{"0":{"name":"(anonymous_0)","decl":{"start":{"line":8,"column":4},"end":{"line":8,"column":5}},"loc":{"start":{"line":8,"column":24},"end":{"line":30,"column":5}},"line":8},"1":{"name":"(anonymous_1)","decl":{"start":{"line":32,"column":4},"end":{"line":32,"column":5}},"loc":{"start":{"line":32,"column":17},"end":{"line":40,"column":5}},"line":32},"2":{"name":"(anonymous_2)","decl":{"start":{"line":42,"column":4},"end":{"line":42,"column":5}},"loc":{"start":{"line":42,"column":15},"end":{"line":57,"column":5}},"line":42},"3":{"name":"(anonymous_3)","decl":{"start":{"line":59,"column":4},"end":{"line":59,"column":5}},"loc":{"start":{"line":59,"column":15},"end":{"line":65,"column":5}},"line":59},"4":{"name":"(anonymous_4)","decl":{"start":{"line":67,"column":4},"end":{"line":67,"column":5}},"loc":{"start":{"line":67,"column":15},"end":{"line":88,"column":5}},"line":67},"5":{"name":"(anonymous_5)","decl":{"start":{"line":90,"column":4},"end":{"line":90,"column":5}},"loc":{"start":{"line":90,"column":19},"end":{"line":97,"column":5}},"line":90},"6":{"name":"(anonymous_6)","decl":{"start":{"line":99,"column":4},"end":{"line":99,"column":5}},"loc":{"start":{"line":99,"column":21},"end":{"line":105,"column":5}},"line":99},"7":{"name":"(anonymous_7)","decl":{"start":{"line":107,"column":4},"end":{"line":107,"column":5}},"loc":{"start":{"line":107,"column":21},"end":{"line":121,"column":5}},"line":107},"8":{"name":"(anonymous_8)","decl":{"start":{"line":123,"column":4},"end":{"line":123,"column":5}},"loc":{"start":{"line":123,"column":17},"end":{"line":125,"column":5}},"line":123},"9":{"name":"(anonymous_9)","decl":{"start":{"line":127,"column":4},"end":{"line":127,"column":5}},"loc":{"start":{"line":127,"column":20},"end":{"line":129,"column":5}},"line":127},"10":{"name":"(anonymous_10)","decl":{"start":{"line":131,"column":4},"end":{"line":131,"column":5}},"loc":{"start":{"line":131,"column":24},"end":{"line":167,"column":5}},"line":131},"11":{"name":"(anonymous_11)","decl":{"start":{"line":169,"column":4},"end":{"line":169,"column":5}},"loc":{"start":{"line":169,"column":20},"end":{"line":171,"column":5}},"line":169},"12":{"name":"(anonymous_12)","decl":{"start":{"line":173,"column":4},"end":{"line":173,"column":5}},"loc":{"start":{"line":173,"column":15},"end":{"line":185,"column":5}},"line":173},"13":{"name":"(anonymous_13)","decl":{"start":{"line":187,"column":4},"end":{"line":187,"column":5}},"loc":{"start":{"line":187,"column":20},"end":{"line":189,"column":5}},"line":187},"14":{"name":"(anonymous_14)","decl":{"start":{"line":191,"column":4},"end":{"line":191,"column":5}},"loc":{"start":{"line":191,"column":18},"end":{"line":193,"column":5}},"line":191},"15":{"name":"(anonymous_15)","decl":{"start":{"line":195,"column":4},"end":{"line":195,"column":5}},"loc":{"start":{"line":195,"column":21},"end":{"line":197,"column":5}},"line":195},"16":{"name":"(anonymous_16)","decl":{"start":{"line":199,"column":4},"end":{"line":199,"column":5}},"loc":{"start":{"line":199,"column":25},"end":{"line":201,"column":5}},"line":199},"17":{"name":"(anonymous_17)","decl":{"start":{"line":203,"column":4},"end":{"line":203,"column":5}},"loc":{"start":{"line":203,"column":23},"end":{"line":205,"column":5}},"line":203}},"branchMap":{"0":{"loc":{"start":{"line":33,"column":8},"end":{"line":36,"column":9}},"type":"if","locations":[{"start":{"line":33,"column":8},"end":{"line":36,"column":9}},{"start":{"line":33,"column":8},"end":{"line":36,"column":9}}],"line":33},"1":{"loc":{"start":{"line":43,"column":8},"end":{"line":46,"column":9}},"type":"if","locations":[{"start":{"line":43,"column":8},"end":{"line":46,"column":9}},{"start":{"line":43,"column":8},"end":{"line":46,"column":9}}],"line":43},"2":{"loc":{"start":{"line":47,"column":8},"end":{"line":48,"column":34}},"type":"if","locations":[{"start":{"line":47,"column":8},"end":{"line":48,"column":34}},{"start":{"line":47,"column":8},"end":{"line":48,"column":34}}],"line":47},"3":{"loc":{"start":{"line":51,"column":8},"end":{"line":56,"column":9}},"type":"if","locations":[{"start":{"line":51,"column":8},"end":{"line":56,"column":9}},{"start":{"line":51,"column":8},"end":{"line":56,"column":9}}],"line":51},"4":{"loc":{"start":{"line":61,"column":8},"end":{"line":62,"column":28}},"type":"if","locations":[{"start":{"line":61,"column":8},"end":{"line":62,"column":28}},{"start":{"line":61,"column":8},"end":{"line":62,"column":28}}],"line":61},"5":{"loc":{"start":{"line":69,"column":8},"end":{"line":70,"column":55}},"type":"if","locations":[{"start":{"line":69,"column":8},"end":{"line":70,"column":55}},{"start":{"line":69,"column":8},"end":{"line":70,"column":55}}],"line":69},"6":{"loc":{"start":{"line":72,"column":12},"end":{"line":77,"column":13}},"type":"if","locations":[{"start":{"line":72,"column":12},"end":{"line":77,"column":13}},{"start":{"line":72,"column":12},"end":{"line":77,"column":13}}],"line":72},"7":{"loc":{"start":{"line":79,"column":12},"end":{"line":85,"column":13}},"type":"if","locations":[{"start":{"line":79,"column":12},"end":{"line":85,"column":13}},{"start":{"line":79,"column":12},"end":{"line":85,"column":13}}],"line":79},"8":{"loc":{"start":{"line":93,"column":8},"end":{"line":94,"column":40}},"type":"if","locations":[{"start":{"line":93,"column":8},"end":{"line":94,"column":40}},{"start":{"line":93,"column":8},"end":{"line":94,"column":40}}],"line":93},"9":{"loc":{"start":{"line":102,"column":8},"end":{"line":103,"column":28}},"type":"if","locations":[{"start":{"line":102,"column":8},"end":{"line":103,"column":28}},{"start":{"line":102,"column":8},"end":{"line":103,"column":28}}],"line":102},"10":{"loc":{"start":{"line":108,"column":8},"end":{"line":120,"column":9}},"type":"if","locations":[{"start":{"line":108,"column":8},"end":{"line":120,"column":9}},{"start":{"line":108,"column":8},"end":{"line":120,"column":9}}],"line":108},"11":{"loc":{"start":{"line":109,"column":12},"end":{"line":113,"column":13}},"type":"if","locations":[{"start":{"line":109,"column":12},"end":{"line":113,"column":13}},{"start":{"line":109,"column":12},"end":{"line":113,"column":13}}],"line":109},"12":{"loc":{"start":{"line":114,"column":15},"end":{"line":120,"column":9}},"type":"if","locations":[{"start":{"line":114,"column":15},"end":{"line":120,"column":9}},{"start":{"line":114,"column":15},"end":{"line":120,"column":9}}],"line":114},"13":{"loc":{"start":{"line":116,"column":15},"end":{"line":120,"column":9}},"type":"if","locations":[{"start":{"line":116,"column":15},"end":{"line":120,"column":9}},{"start":{"line":116,"column":15},"end":{"line":120,"column":9}}],"line":116},"14":{"loc":{"start":{"line":133,"column":8},"end":{"line":143,"column":9}},"type":"if","locations":[{"start":{"line":133,"column":8},"end":{"line":143,"column":9}},{"start":{"line":133,"column":8},"end":{"line":143,"column":9}}],"line":133},"15":{"loc":{"start":{"line":136,"column":15},"end":{"line":143,"column":9}},"type":"if","locations":[{"start":{"line":136,"column":15},"end":{"line":143,"column":9}},{"start":{"line":136,"column":15},"end":{"line":143,"column":9}}],"line":136},"16":{"loc":{"start":{"line":138,"column":12},"end":{"line":142,"column":13}},"type":"if","locations":[{"start":{"line":138,"column":12},"end":{"line":142,"column":13}},{"start":{"line":138,"column":12},"end":{"line":142,"column":13}}],"line":138},"17":{"loc":{"start":{"line":145,"column":8},"end":{"line":163,"column":9}},"type":"switch","locations":[{"start":{"line":146,"column":12},"end":{"line":149,"column":22}},{"start":{"line":150,"column":12},"end":{"line":153,"column":22}},{"start":{"line":154,"column":12},"end":{"line":158,"column":22}},{"start":{"line":159,"column":12},"end":{"line":160,"column":22}},{"start":{"line":161,"column":12},"end":{"line":162,"column":22}}],"line":145},"18":{"loc":{"start":{"line":177,"column":8},"end":{"line":183,"column":9}},"type":"if","locations":[{"start":{"line":177,"column":8},"end":{"line":183,"column":9}},{"start":{"line":177,"column":8},"end":{"line":183,"column":9}}],"line":177}},"s":{"0":1,"1":2,"2":2,"3":2,"4":2,"5":2,"6":2,"7":2,"8":2,"9":2,"10":2,"11":2,"12":2,"13":2,"14":2,"15":2,"16":2,"17":2,"18":2,"19":4,"20":0,"21":4,"22":4,"23":4,"24":17,"25":0,"26":17,"27":0,"28":17,"29":0,"30":17,"31":17,"32":17,"33":1,"34":17,"35":17,"36":1,"37":0,"38":1,"39":1,"40":0,"41":0,"42":1,"43":0,"44":0,"45":0,"46":0,"47":0,"48":0,"49":2,"50":2,"51":2,"52":0,"53":2,"54":0,"55":0,"56":0,"57":0,"58":0,"59":0,"60":0,"61":0,"62":0,"63":0,"64":0,"65":0,"66":0,"67":0,"68":0,"69":0,"70":17,"71":17,"72":0,"73":0,"74":17,"75":0,"76":0,"77":0,"78":0,"79":17,"80":0,"81":0,"82":0,"83":0,"84":0,"85":0,"86":0,"87":0,"88":0,"89":0,"90":0,"91":17,"92":17,"93":17,"94":0,"95":1,"96":1,"97":1,"98":1,"99":0,"100":0,"101":1,"102":0,"103":0,"104":4,"105":3,"106":3},"f":{"0":2,"1":4,"2":17,"3":17,"4":1,"5":2,"6":0,"7":0,"8":0,"9":0,"10":17,"11":0,"12":1,"13":0,"14":0,"15":4,"16":3,"17":3},"b":{"0":[0,4],"1":[0,17],"2":[0,17],"3":[0,17],"4":[1,16],"5":[0,1],"6":[0,1],"7":[0,0],"8":[0,2],"9":[0,0],"10":[0,0],"11":[0,0],"12":[0,0],"13":[0,0],"14":[0,17],"15":[0,17],"16":[0,0],"17":[0,0,0,0,17],"18":[1,0]},"_coverageSchema":"1a1c01bbd47fc00a2c39e90264f33305004495a9","hash":"173afce370ca4549fd8af7cc8f69e7291476be42"}
,"E:\\2021\\javascript-json-parser\\src\\io\\Reader.js": {"path":"E:\\2021\\javascript-json-parser\\src\\io\\Reader.js","statementMap":{"0":{"start":{"line":4,"column":8},"end":{"line":6,"column":9}},"1":{"start":{"line":5,"column":12},"end":{"line":5,"column":69}},"2":{"start":{"line":8,"column":8},"end":{"line":11,"column":9}},"3":{"start":{"line":10,"column":12},"end":{"line":10,"column":74}},"4":{"start":{"line":13,"column":8},"end":{"line":16,"column":9}},"5":{"start":{"line":15,"column":12},"end":{"line":15,"column":78}},"6":{"start":{"line":18,"column":8},"end":{"line":21,"column":9}},"7":{"start":{"line":20,"column":12},"end":{"line":20,"column":77}},"8":{"start":{"line":23,"column":8},"end":{"line":23,"column":30}},"9":{"start":{"line":24,"column":8},"end":{"line":24,"column":40}},"10":{"start":{"line":25,"column":8},"end":{"line":25,"column":22}},"11":{"start":{"line":26,"column":8},"end":{"line":26,"column":22}},"12":{"start":{"line":30,"column":8},"end":{"line":30,"column":76}},"13":{"start":{"line":34,"column":8},"end":{"line":34,"column":80}},"14":{"start":{"line":38,"column":8},"end":{"line":38,"column":77}},"15":{"start":{"line":42,"column":8},"end":{"line":43,"column":45}},"16":{"start":{"line":43,"column":12},"end":{"line":43,"column":45}}},"fnMap":{"0":{"name":"(anonymous_0)","decl":{"start":{"line":3,"column":4},"end":{"line":3,"column":5}},"loc":{"start":{"line":3,"column":26},"end":{"line":27,"column":5}},"line":3},"1":{"name":"(anonymous_1)","decl":{"start":{"line":29,"column":4},"end":{"line":29,"column":5}},"loc":{"start":{"line":29,"column":28},"end":{"line":31,"column":5}},"line":29},"2":{"name":"(anonymous_2)","decl":{"start":{"line":33,"column":4},"end":{"line":33,"column":5}},"loc":{"start":{"line":33,"column":46},"end":{"line":35,"column":5}},"line":33},"3":{"name":"(anonymous_3)","decl":{"start":{"line":37,"column":4},"end":{"line":37,"column":5}},"loc":{"start":{"line":37,"column":12},"end":{"line":39,"column":5}},"line":37},"4":{"name":"(anonymous_4)","decl":{"start":{"line":41,"column":4},"end":{"line":41,"column":5}},"loc":{"start":{"line":41,"column":17},"end":{"line":44,"column":5}},"line":41}},"branchMap":{"0":{"loc":{"start":{"line":4,"column":8},"end":{"line":6,"column":9}},"type":"if","locations":[{"start":{"line":4,"column":8},"end":{"line":6,"column":9}},{"start":{"line":4,"column":8},"end":{"line":6,"column":9}}],"line":4},"1":{"loc":{"start":{"line":8,"column":8},"end":{"line":11,"column":9}},"type":"if","locations":[{"start":{"line":8,"column":8},"end":{"line":11,"column":9}},{"start":{"line":8,"column":8},"end":{"line":11,"column":9}}],"line":8},"2":{"loc":{"start":{"line":13,"column":8},"end":{"line":16,"column":9}},"type":"if","locations":[{"start":{"line":13,"column":8},"end":{"line":16,"column":9}},{"start":{"line":13,"column":8},"end":{"line":16,"column":9}}],"line":13},"3":{"loc":{"start":{"line":18,"column":8},"end":{"line":21,"column":9}},"type":"if","locations":[{"start":{"line":18,"column":8},"end":{"line":21,"column":9}},{"start":{"line":18,"column":8},"end":{"line":21,"column":9}}],"line":18},"4":{"loc":{"start":{"line":42,"column":8},"end":{"line":43,"column":45}},"type":"if","locations":[{"start":{"line":42,"column":8},"end":{"line":43,"column":45}},{"start":{"line":42,"column":8},"end":{"line":43,"column":45}}],"line":42}},"s":{"0":2,"1":0,"2":2,"3":0,"4":2,"5":0,"6":2,"7":0,"8":2,"9":2,"10":2,"11":2,"12":0,"13":0,"14":0,"15":1,"16":0},"f":{"0":2,"1":0,"2":0,"3":0,"4":1},"b":{"0":[0,2],"1":[0,2],"2":[0,2],"3":[0,2],"4":[0,1]},"_coverageSchema":"1a1c01bbd47fc00a2c39e90264f33305004495a9","hash":"b2ea7d3f0be05097025ad617bf578ff84eccaa25"}
,"E:\\2021\\javascript-json-parser\\src\\io\\String.js": {"path":"E:\\2021\\javascript-json-parser\\src\\io\\String.js","statementMap":{"0":{"start":{"line":4,"column":8},"end":{"line":5,"column":57}},"1":{"start":{"line":5,"column":12},"end":{"line":5,"column":57}},"2":{"start":{"line":6,"column":8},"end":{"line":7,"column":56}},"3":{"start":{"line":7,"column":12},"end":{"line":7,"column":56}},"4":{"start":{"line":10,"column":8},"end":{"line":10,"column":24}},"5":{"start":{"line":11,"column":8},"end":{"line":15,"column":9}},"6":{"start":{"line":13,"column":12},"end":{"line":14,"column":41}},"7":{"start":{"line":14,"column":16},"end":{"line":14,"column":41}},"8":{"start":{"line":19,"column":8},"end":{"line":19,"column":35}},"9":{"start":{"line":23,"column":8},"end":{"line":23,"column":35}}},"fnMap":{"0":{"name":"(anonymous_0)","decl":{"start":{"line":3,"column":4},"end":{"line":3,"column":5}},"loc":{"start":{"line":3,"column":38},"end":{"line":16,"column":5}},"line":3},"1":{"name":"(anonymous_1)","decl":{"start":{"line":18,"column":4},"end":{"line":18,"column":5}},"loc":{"start":{"line":18,"column":15},"end":{"line":20,"column":5}},"line":18},"2":{"name":"(anonymous_2)","decl":{"start":{"line":22,"column":4},"end":{"line":22,"column":5}},"loc":{"start":{"line":22,"column":16},"end":{"line":24,"column":5}},"line":22}},"branchMap":{"0":{"loc":{"start":{"line":4,"column":8},"end":{"line":5,"column":57}},"type":"if","locations":[{"start":{"line":4,"column":8},"end":{"line":5,"column":57}},{"start":{"line":4,"column":8},"end":{"line":5,"column":57}}],"line":4},"1":{"loc":{"start":{"line":6,"column":8},"end":{"line":7,"column":56}},"type":"if","locations":[{"start":{"line":6,"column":8},"end":{"line":7,"column":56}},{"start":{"line":6,"column":8},"end":{"line":7,"column":56}}],"line":6},"2":{"loc":{"start":{"line":13,"column":12},"end":{"line":14,"column":41}},"type":"if","locations":[{"start":{"line":13,"column":12},"end":{"line":14,"column":41}},{"start":{"line":13,"column":12},"end":{"line":14,"column":41}}],"line":13}},"s":{"0":1,"1":0,"2":1,"3":0,"4":1,"5":1,"6":10,"7":8,"8":1,"9":1},"f":{"0":1,"1":1,"2":1},"b":{"0":[0,1],"1":[0,1],"2":[8,2]},"_coverageSchema":"1a1c01bbd47fc00a2c39e90264f33305004495a9","hash":"29bcf5f678964160db7a755ce14423188b18efc7"}
,"E:\\2021\\javascript-json-parser\\src\\io\\StringReader.js": {"path":"E:\\2021\\javascript-json-parser\\src\\io\\StringReader.js","statementMap":{"0":{"start":{"line":3,"column":13},"end":{"line":3,"column":40}},"1":{"start":{"line":8,"column":8},"end":{"line":8,"column":24}},"2":{"start":{"line":17,"column":8},"end":{"line":17,"column":26}},"3":{"start":{"line":18,"column":8},"end":{"line":23,"column":9}},"4":{"start":{"line":20,"column":12},"end":{"line":20,"column":52}},"5":{"start":{"line":21,"column":15},"end":{"line":23,"column":9}},"6":{"start":{"line":22,"column":12},"end":{"line":22,"column":21}},"7":{"start":{"line":24,"column":8},"end":{"line":25,"column":22}},"8":{"start":{"line":25,"column":12},"end":{"line":25,"column":22}},"9":{"start":{"line":26,"column":16},"end":{"line":26,"column":54}},"10":{"start":{"line":27,"column":8},"end":{"line":27,"column":62}},"11":{"start":{"line":28,"column":8},"end":{"line":28,"column":23}},"12":{"start":{"line":29,"column":8},"end":{"line":29,"column":17}},"13":{"start":{"line":33,"column":8},"end":{"line":35,"column":9}},"14":{"start":{"line":34,"column":12},"end":{"line":34,"column":59}},"15":{"start":{"line":36,"column":8},"end":{"line":38,"column":9}},"16":{"start":{"line":37,"column":12},"end":{"line":37,"column":57}},"17":{"start":{"line":39,"column":8},"end":{"line":41,"column":9}},"18":{"start":{"line":40,"column":12},"end":{"line":40,"column":76}},"19":{"start":{"line":43,"column":8},"end":{"line":46,"column":9}},"20":{"start":{"line":44,"column":12},"end":{"line":44,"column":42}},"21":{"start":{"line":45,"column":12},"end":{"line":45,"column":23}},"22":{"start":{"line":50,"column":8},"end":{"line":50,"column":26}}},"fnMap":{"0":{"name":"(anonymous_0)","decl":{"start":{"line":7,"column":4},"end":{"line":7,"column":5}},"loc":{"start":{"line":7,"column":26},"end":{"line":9,"column":5}},"line":7},"1":{"name":"(anonymous_1)","decl":{"start":{"line":16,"column":4},"end":{"line":16,"column":5}},"loc":{"start":{"line":16,"column":28},"end":{"line":30,"column":5}},"line":16},"2":{"name":"(anonymous_2)","decl":{"start":{"line":32,"column":4},"end":{"line":32,"column":5}},"loc":{"start":{"line":32,"column":46},"end":{"line":47,"column":5}},"line":32},"3":{"name":"(anonymous_3)","decl":{"start":{"line":49,"column":4},"end":{"line":49,"column":5}},"loc":{"start":{"line":49,"column":12},"end":{"line":51,"column":5}},"line":49}},"branchMap":{"0":{"loc":{"start":{"line":18,"column":8},"end":{"line":23,"column":9}},"type":"if","locations":[{"start":{"line":18,"column":8},"end":{"line":23,"column":9}},{"start":{"line":18,"column":8},"end":{"line":23,"column":9}}],"line":18},"1":{"loc":{"start":{"line":18,"column":12},"end":{"line":19,"column":66}},"type":"binary-expr","locations":[{"start":{"line":18,"column":13},"end":{"line":18,"column":23}},{"start":{"line":18,"column":29},"end":{"line":18,"column":49}},{"start":{"line":18,"column":55},"end":{"line":18,"column":62}},{"start":{"line":19,"column":13},"end":{"line":19,"column":41}},{"start":{"line":19,"column":47},"end":{"line":19,"column":65}}],"line":18},"2":{"loc":{"start":{"line":21,"column":15},"end":{"line":23,"column":9}},"type":"if","locations":[{"start":{"line":21,"column":15},"end":{"line":23,"column":9}},{"start":{"line":21,"column":15},"end":{"line":23,"column":9}}],"line":21},"3":{"loc":{"start":{"line":24,"column":8},"end":{"line":25,"column":22}},"type":"if","locations":[{"start":{"line":24,"column":8},"end":{"line":25,"column":22}},{"start":{"line":24,"column":8},"end":{"line":25,"column":22}}],"line":24},"4":{"loc":{"start":{"line":33,"column":8},"end":{"line":35,"column":9}},"type":"if","locations":[{"start":{"line":33,"column":8},"end":{"line":35,"column":9}},{"start":{"line":33,"column":8},"end":{"line":35,"column":9}}],"line":33},"5":{"loc":{"start":{"line":36,"column":8},"end":{"line":38,"column":9}},"type":"if","locations":[{"start":{"line":36,"column":8},"end":{"line":38,"column":9}},{"start":{"line":36,"column":8},"end":{"line":38,"column":9}}],"line":36},"6":{"loc":{"start":{"line":39,"column":8},"end":{"line":41,"column":9}},"type":"if","locations":[{"start":{"line":39,"column":8},"end":{"line":41,"column":9}},{"start":{"line":39,"column":8},"end":{"line":41,"column":9}}],"line":39}},"s":{"0":1,"1":2,"2":1,"3":1,"4":0,"5":1,"6":0,"7":1,"8":0,"9":1,"10":1,"11":1,"12":1,"13":1,"14":0,"15":1,"16":0,"17":1,"18":0,"19":1,"20":18,"21":18,"22":0},"f":{"0":2,"1":1,"2":1,"3":0},"b":{"0":[0,1],"1":[1,1,1,1,1],"2":[0,1],"3":[0,1],"4":[0,1],"5":[0,1],"6":[0,1]},"_coverageSchema":"1a1c01bbd47fc00a2c39e90264f33305004495a9","hash":"4ea07a3f88f9764cc54feb712c6ef28dddc35b39"}
,"E:\\2021\\javascript-json-parser\\src\\logger\\logger.js": {"path":"E:\\2021\\javascript-json-parser\\src\\logger\\logger.js","statementMap":{"0":{"start":{"line":1,"column":14},"end":{"line":1,"column":38}},"1":{"start":{"line":2,"column":14},"end":{"line":2,"column":32}},"2":{"start":{"line":4,"column":18},"end":{"line":10,"column":5}},"3":{"start":{"line":9,"column":12},"end":{"line":9,"column":62}},"4":{"start":{"line":13,"column":14},"end":{"line":20,"column":1}},"5":{"start":{"line":23,"column":13},"end":{"line":29,"column":3}},"6":{"start":{"line":32,"column":0},"end":{"line":37,"column":2}},"7":{"start":{"line":35,"column":4},"end":{"line":35,"column":25}},"8":{"start":{"line":39,"column":0},"end":{"line":39,"column":24}}},"fnMap":{"0":{"name":"(anonymous_0)","decl":{"start":{"line":9,"column":4},"end":{"line":9,"column":5}},"loc":{"start":{"line":9,"column":12},"end":{"line":9,"column":62}},"line":9},"1":{"name":"(anonymous_1)","decl":{"start":{"line":33,"column":9},"end":{"line":33,"column":10}},"loc":{"start":{"line":33,"column":37},"end":{"line":36,"column":3}},"line":33}},"branchMap":{},"s":{"0":1,"1":1,"2":1,"3":71,"4":1,"5":1,"6":1,"7":0,"8":1},"f":{"0":71,"1":0},"b":{},"_coverageSchema":"1a1c01bbd47fc00a2c39e90264f33305004495a9","hash":"c22812e330c829677a3fd66c72a5964ea495ac6f"}
,"E:\\2021\\javascript-json-parser\\src\\parser\\RJsonConstants.js": {"path":"E:\\2021\\javascript-json-parser\\src\\parser\\RJsonConstants.js","statementMap":{"0":{"start":{"line":5,"column":8},"end":{"line":5,"column":21}},"1":{"start":{"line":7,"column":8},"end":{"line":7,"column":34}},"2":{"start":{"line":9,"column":8},"end":{"line":9,"column":37}},"3":{"start":{"line":11,"column":8},"end":{"line":11,"column":35}},"4":{"start":{"line":13,"column":8},"end":{"line":13,"column":28}},"5":{"start":{"line":15,"column":8},"end":{"line":15,"column":21}},"6":{"start":{"line":17,"column":8},"end":{"line":17,"column":23}},"7":{"start":{"line":19,"column":8},"end":{"line":19,"column":28}},"8":{"start":{"line":21,"column":8},"end":{"line":21,"column":29}},"9":{"start":{"line":23,"column":8},"end":{"line":23,"column":23}},"10":{"start":{"line":25,"column":8},"end":{"line":25,"column":31}},"11":{"start":{"line":27,"column":8},"end":{"line":27,"column":32}},"12":{"start":{"line":29,"column":8},"end":{"line":29,"column":23}},"13":{"start":{"line":31,"column":8},"end":{"line":31,"column":32}},"14":{"start":{"line":33,"column":8},"end":{"line":33,"column":24}},"15":{"start":{"line":35,"column":8},"end":{"line":35,"column":33}},"16":{"start":{"line":37,"column":8},"end":{"line":37,"column":33}},"17":{"start":{"line":39,"column":8},"end":{"line":39,"column":23}},"18":{"start":{"line":41,"column":8},"end":{"line":41,"column":24}},"19":{"start":{"line":43,"column":8},"end":{"line":43,"column":23}},"20":{"start":{"line":45,"column":8},"end":{"line":45,"column":31}},"21":{"start":{"line":47,"column":8},"end":{"line":47,"column":31}},"22":{"start":{"line":49,"column":8},"end":{"line":49,"column":38}},"23":{"start":{"line":51,"column":8},"end":{"line":51,"column":38}},"24":{"start":{"line":53,"column":8},"end":{"line":53,"column":37}},"25":{"start":{"line":55,"column":8},"end":{"line":55,"column":37}},"26":{"start":{"line":57,"column":8},"end":{"line":57,"column":41}},"27":{"start":{"line":59,"column":8},"end":{"line":59,"column":41}},"28":{"start":{"line":61,"column":8},"end":{"line":61,"column":25}},"29":{"start":{"line":64,"column":8},"end":{"line":64,"column":25}},"30":{"start":{"line":66,"column":8},"end":{"line":66,"column":31}},"31":{"start":{"line":69,"column":8},"end":{"line":99,"column":10}}},"fnMap":{"0":{"name":"(anonymous_0)","decl":{"start":{"line":3,"column":4},"end":{"line":3,"column":5}},"loc":{"start":{"line":3,"column":18},"end":{"line":100,"column":5}},"line":3}},"branchMap":{},"s":{"0":2,"1":2,"2":2,"3":2,"4":2,"5":2,"6":2,"7":2,"8":2,"9":2,"10":2,"11":2,"12":2,"13":2,"14":2,"15":2,"16":2,"17":2,"18":2,"19":2,"20":2,"21":2,"22":2,"23":2,"24":2,"25":2,"26":2,"27":2,"28":2,"29":2,"30":2,"31":2},"f":{"0":2},"b":{},"_coverageSchema":"1a1c01bbd47fc00a2c39e90264f33305004495a9","hash":"539cf4f03f27a1de0263689f039b54ac12f30aad"}
,"E:\\2021\\javascript-json-parser\\src\\parser\\RJsonLexer.js": {"path":"E:\\2021\\javascript-json-parser\\src\\parser\\RJsonLexer.js","statementMap":{"0":{"start":{"line":6,"column":13},"end":{"line":6,"column":40}},"1":{"start":{"line":11,"column":8},"end":{"line":11,"column":16}},"2":{"start":{"line":12,"column":8},"end":{"line":12,"column":52}},"3":{"start":{"line":13,"column":8},"end":{"line":13,"column":26}},"4":{"start":{"line":14,"column":8},"end":{"line":14,"column":29}},"5":{"start":{"line":15,"column":8},"end":{"line":15,"column":28}},"6":{"start":{"line":16,"column":8},"end":{"line":16,"column":37}},"7":{"start":{"line":17,"column":8},"end":{"line":17,"column":29}},"8":{"start":{"line":22,"column":8},"end":{"line":25,"column":49}},"9":{"start":{"line":29,"column":8},"end":{"line":29,"column":39}},"10":{"start":{"line":30,"column":27},"end":{"line":30,"column":31}},"11":{"start":{"line":31,"column":21},"end":{"line":31,"column":22}},"12":{"start":{"line":32,"column":8},"end":{"line":95,"column":9}},"13":{"start":{"line":33,"column":8},"end":{"line":95,"column":9}},"14":{"start":{"line":34,"column":12},"end":{"line":41,"column":13}},"15":{"start":{"line":35,"column":16},"end":{"line":35,"column":62}},"16":{"start":{"line":37,"column":16},"end":{"line":37,"column":38}},"17":{"start":{"line":38,"column":16},"end":{"line":38,"column":37}},"18":{"start":{"line":39,"column":16},"end":{"line":39,"column":48}},"19":{"start":{"line":40,"column":16},"end":{"line":40,"column":36}},"20":{"start":{"line":42,"column":12},"end":{"line":42,"column":58}},"21":{"start":{"line":43,"column":12},"end":{"line":43,"column":42}},"22":{"start":{"line":44,"column":12},"end":{"line":44,"column":32}},"23":{"start":{"line":45,"column":12},"end":{"line":45,"column":52}},"24":{"start":{"line":46,"column":12},"end":{"line":46,"column":86}},"25":{"start":{"line":47,"column":12},"end":{"line":71,"column":13}},"26":{"start":{"line":48,"column":16},"end":{"line":50,"column":17}},"27":{"start":{"line":49,"column":20},"end":{"line":49,"column":75}},"28":{"start":{"line":51,"column":16},"end":{"line":51,"column":49}},"29":{"start":{"line":52,"column":16},"end":{"line":57,"column":17}},"30":{"start":{"line":54,"column":20},"end":{"line":54,"column":57}},"31":{"start":{"line":55,"column":20},"end":{"line":55,"column":75}},"32":{"start":{"line":56,"column":20},"end":{"line":56,"column":40}},"33":{"start":{"line":58,"column":16},"end":{"line":63,"column":17}},"34":{"start":{"line":60,"column":20},"end":{"line":60,"column":52}},"35":{"start":{"line":61,"column":20},"end":{"line":61,"column":77}},"36":{"start":{"line":62,"column":20},"end":{"line":62,"column":40}},"37":{"start":{"line":64,"column":16},"end":{"line":70,"column":17}},"38":{"start":{"line":65,"column":20},"end":{"line":65,"column":52}},"39":{"start":{"line":66,"column":20},"end":{"line":66,"column":86}},"40":{"start":{"line":67,"column":20},"end":{"line":67,"column":40}},"41":{"start":{"line":69,"column":20},"end":{"line":69,"column":37}},"42":{"start":{"line":73,"column":29},"end":{"line":73,"column":57}},"43":{"start":{"line":74,"column":31},"end":{"line":74,"column":61}},"44":{"start":{"line":75,"column":30},"end":{"line":75,"column":34}},"45":{"start":{"line":76,"column":26},"end":{"line":76,"column":31}},"46":{"start":{"line":77,"column":12},"end":{"line":89,"column":13}},"47":{"start":{"line":78,"column":16},"end":{"line":78,"column":45}},"48":{"start":{"line":79,"column":16},"end":{"line":79,"column":44}},"49":{"start":{"line":81,"column":16},"end":{"line":81,"column":31}},"50":{"start":{"line":82,"column":16},"end":{"line":82,"column":78}},"51":{"start":{"line":83,"column":16},"end":{"line":88,"column":17}},"52":{"start":{"line":84,"column":20},"end":{"line":84,"column":33}},"53":{"start":{"line":85,"column":20},"end":{"line":85,"column":37}},"54":{"start":{"line":87,"column":20},"end":{"line":87,"column":35}},"55":{"start":{"line":90,"column":12},"end":{"line":93,"column":13}},"56":{"start":{"line":91,"column":16},"end":{"line":91,"column":44}},"57":{"start":{"line":92,"column":16},"end":{"line":92,"column":78}},"58":{"start":{"line":94,"column":12},"end":{"line":94,"column":151}},"59":{"start":{"line":99,"column":8},"end":{"line":107,"column":9}},"60":{"start":{"line":100,"column":12},"end":{"line":100,"column":27}},"61":{"start":{"line":101,"column":12},"end":{"line":105,"column":13}},"62":{"start":{"line":102,"column":16},"end":{"line":102,"column":50}},"63":{"start":{"line":104,"column":16},"end":{"line":104,"column":25}},"64":{"start":{"line":106,"column":12},"end":{"line":106,"column":45}},"65":{"start":{"line":108,"column":19},"end":{"line":108,"column":44}},"66":{"start":{"line":110,"column":8},"end":{"line":142,"column":9}},"67":{"start":{"line":112,"column":16},"end":{"line":112,"column":58}},"68":{"start":{"line":114,"column":16},"end":{"line":114,"column":59}},"69":{"start":{"line":116,"column":16},"end":{"line":116,"column":42}},"70":{"start":{"line":118,"column":16},"end":{"line":118,"column":42}},"71":{"start":{"line":120,"column":16},"end":{"line":120,"column":53}},"72":{"start":{"line":122,"column":16},"end":{"line":122,"column":53}},"73":{"start":{"line":124,"column":16},"end":{"line":124,"column":60}},"74":{"start":{"line":126,"column":16},"end":{"line":126,"column":61}},"75":{"start":{"line":129,"column":16},"end":{"line":129,"column":42}},"76":{"start":{"line":132,"column":16},"end":{"line":132,"column":42}},"77":{"start":{"line":135,"column":16},"end":{"line":135,"column":42}},"78":{"start":{"line":137,"column":16},"end":{"line":137,"column":42}},"79":{"start":{"line":139,"column":16},"end":{"line":139,"column":46}},"80":{"start":{"line":141,"column":16},"end":{"line":141,"column":45}},"81":{"start":{"line":146,"column":8},"end":{"line":146,"column":49}},"82":{"start":{"line":147,"column":19},"end":{"line":147,"column":44}},"83":{"start":{"line":149,"column":8},"end":{"line":151,"column":9}},"84":{"start":{"line":150,"column":12},"end":{"line":150,"column":24}},"85":{"start":{"line":153,"column":8},"end":{"line":155,"column":9}},"86":{"start":{"line":154,"column":12},"end":{"line":154,"column":24}},"87":{"start":{"line":156,"column":8},"end":{"line":156,"column":21}},"88":{"start":{"line":160,"column":8},"end":{"line":160,"column":49}},"89":{"start":{"line":161,"column":8},"end":{"line":168,"column":9}},"90":{"start":{"line":162,"column":12},"end":{"line":162,"column":21}},"91":{"start":{"line":163,"column":12},"end":{"line":167,"column":13}},"92":{"start":{"line":164,"column":16},"end":{"line":164,"column":60}},"93":{"start":{"line":166,"column":16},"end":{"line":166,"column":30}},"94":{"start":{"line":169,"column":19},"end":{"line":169,"column":44}},"95":{"start":{"line":170,"column":8},"end":{"line":170,"column":49}},"96":{"start":{"line":171,"column":8},"end":{"line":180,"column":9}},"97":{"start":{"line":174,"column":12},"end":{"line":174,"column":21}},"98":{"start":{"line":175,"column":12},"end":{"line":175,"column":53}},"99":{"start":{"line":176,"column":12},"end":{"line":176,"column":51}},"100":{"start":{"line":177,"column":12},"end":{"line":177,"column":37}},"101":{"start":{"line":178,"column":12},"end":{"line":178,"column":40}},"102":{"start":{"line":179,"column":12},"end":{"line":179,"column":26}},"103":{"start":{"line":182,"column":8},"end":{"line":182,"column":22}},"104":{"start":{"line":186,"column":8},"end":{"line":186,"column":47}},"105":{"start":{"line":187,"column":19},"end":{"line":187,"column":29}},"106":{"start":{"line":188,"column":8},"end":{"line":192,"column":9}},"107":{"start":{"line":189,"column":12},"end":{"line":189,"column":56}},"108":{"start":{"line":191,"column":12},"end":{"line":191,"column":21}},"109":{"start":{"line":193,"column":8},"end":{"line":216,"column":9}},"110":{"start":{"line":194,"column":23},"end":{"line":194,"column":48}},"111":{"start":{"line":195,"column":12},"end":{"line":195,"column":58}},"112":{"start":{"line":196,"column":12},"end":{"line":202,"column":13}},"113":{"start":{"line":198,"column":20},"end":{"line":198,"column":55}},"114":{"start":{"line":199,"column":20},"end":{"line":199,"column":26}},"115":{"start":{"line":201,"column":20},"end":{"line":201,"column":26}},"116":{"start":{"line":203,"column":12},"end":{"line":203,"column":21}},"117":{"start":{"line":204,"column":12},"end":{"line":209,"column":13}},"118":{"start":{"line":205,"column":16},"end":{"line":205,"column":40}},"119":{"start":{"line":206,"column":16},"end":{"line":206,"column":41}},"120":{"start":{"line":207,"column":16},"end":{"line":207,"column":61}},"121":{"start":{"line":208,"column":16},"end":{"line":208,"column":30}},"122":{"start":{"line":210,"column":12},"end":{"line":215,"column":13}},"123":{"start":{"line":211,"column":16},"end":{"line":211,"column":60}},"124":{"start":{"line":213,"column":16},"end":{"line":213,"column":38}},"125":{"start":{"line":214,"column":16},"end":{"line":214,"column":30}},"126":{"start":{"line":220,"column":19},"end":{"line":220,"column":29}},"127":{"start":{"line":221,"column":8},"end":{"line":225,"column":9}},"128":{"start":{"line":222,"column":12},"end":{"line":222,"column":56}},"129":{"start":{"line":224,"column":12},"end":{"line":224,"column":21}},"130":{"start":{"line":226,"column":19},"end":{"line":226,"column":44}},"131":{"start":{"line":227,"column":8},"end":{"line":259,"column":9}},"132":{"start":{"line":228,"column":12},"end":{"line":230,"column":13}},"133":{"start":{"line":229,"column":16},"end":{"line":229,"column":45}},"134":{"start":{"line":232,"column":12},"end":{"line":246,"column":13}},"135":{"start":{"line":234,"column":16},"end":{"line":238,"column":17}},"136":{"start":{"line":235,"column":20},"end":{"line":235,"column":64}},"137":{"start":{"line":237,"column":20},"end":{"line":237,"column":29}},"138":{"start":{"line":239,"column":28},"end":{"line":239,"column":53}},"139":{"start":{"line":240,"column":16},"end":{"line":245,"column":17}},"140":{"start":{"line":241,"column":20},"end":{"line":241,"column":29}},"141":{"start":{"line":242,"column":20},"end":{"line":242,"column":52}},"142":{"start":{"line":244,"column":20},"end":{"line":244,"column":48}},"143":{"start":{"line":248,"column":12},"end":{"line":248,"column":21}},"144":{"start":{"line":249,"column":12},"end":{"line":253,"column":13}},"145":{"start":{"line":250,"column":16},"end":{"line":250,"column":40}},"146":{"start":{"line":251,"column":16},"end":{"line":251,"column":41}},"147":{"start":{"line":252,"column":16},"end":{"line":252,"column":30}},"148":{"start":{"line":254,"column":12},"end":{"line":258,"column":13}},"149":{"start":{"line":255,"column":16},"end":{"line":255,"column":60}},"150":{"start":{"line":257,"column":16},"end":{"line":257,"column":30}},"151":{"start":{"line":263,"column":8},"end":{"line":267,"column":9}},"152":{"start":{"line":264,"column":12},"end":{"line":264,"column":56}},"153":{"start":{"line":266,"column":12},"end":{"line":266,"column":21}},"154":{"start":{"line":268,"column":19},"end":{"line":268,"column":44}},"155":{"start":{"line":269,"column":8},"end":{"line":269,"column":78}},"156":{"start":{"line":270,"column":8},"end":{"line":305,"column":9}},"157":{"start":{"line":272,"column":16},"end":{"line":273,"column":71}},"158":{"start":{"line":273,"column":20},"end":{"line":273,"column":71}},"159":{"start":{"line":274,"column":16},"end":{"line":274,"column":22}},"160":{"start":{"line":276,"column":16},"end":{"line":277,"column":71}},"161":{"start":{"line":277,"column":20},"end":{"line":277,"column":71}},"162":{"start":{"line":278,"column":16},"end":{"line":278,"column":22}},"163":{"start":{"line":281,"column":16},"end":{"line":282,"column":55}},"164":{"start":{"line":282,"column":20},"end":{"line":282,"column":55}},"165":{"start":{"line":283,"column":16},"end":{"line":283,"column":22}},"166":{"start":{"line":286,"column":16},"end":{"line":287,"column":55}},"167":{"start":{"line":287,"column":20},"end":{"line":287,"column":55}},"168":{"start":{"line":288,"column":16},"end":{"line":288,"column":22}},"169":{"start":{"line":291,"column":16},"end":{"line":292,"column":55}},"170":{"start":{"line":292,"column":20},"end":{"line":292,"column":55}},"171":{"start":{"line":293,"column":16},"end":{"line":293,"column":22}},"172":{"start":{"line":295,"column":16},"end":{"line":296,"column":50}},"173":{"start":{"line":296,"column":20},"end":{"line":296,"column":50}},"174":{"start":{"line":297,"column":16},"end":{"line":297,"column":22}},"175":{"start":{"line":299,"column":16},"end":{"line":300,"column":49}},"176":{"start":{"line":300,"column":20},"end":{"line":300,"column":49}},"177":{"start":{"line":301,"column":16},"end":{"line":301,"column":22}},"178":{"start":{"line":303,"column":16},"end":{"line":303,"column":22}},"179":{"start":{"line":306,"column":8},"end":{"line":306,"column":50}},"180":{"start":{"line":310,"column":8},"end":{"line":314,"column":9}},"181":{"start":{"line":311,"column":12},"end":{"line":311,"column":56}},"182":{"start":{"line":313,"column":12},"end":{"line":313,"column":21}},"183":{"start":{"line":315,"column":19},"end":{"line":315,"column":44}},"184":{"start":{"line":316,"column":8},"end":{"line":316,"column":78}},"185":{"start":{"line":317,"column":8},"end":{"line":326,"column":9}},"186":{"start":{"line":320,"column":16},"end":{"line":320,"column":57}},"187":{"start":{"line":323,"column":16},"end":{"line":323,"column":51}},"188":{"start":{"line":325,"column":16},"end":{"line":325,"column":22}},"189":{"start":{"line":327,"column":8},"end":{"line":327,"column":18}},"190":{"start":{"line":331,"column":8},"end":{"line":335,"column":9}},"191":{"start":{"line":332,"column":12},"end":{"line":332,"column":56}},"192":{"start":{"line":334,"column":12},"end":{"line":334,"column":21}},"193":{"start":{"line":336,"column":19},"end":{"line":336,"column":44}},"194":{"start":{"line":337,"column":8},"end":{"line":337,"column":78}},"195":{"start":{"line":338,"column":8},"end":{"line":355,"column":9}},"196":{"start":{"line":341,"column":16},"end":{"line":342,"column":56}},"197":{"start":{"line":342,"column":20},"end":{"line":342,"column":56}},"198":{"start":{"line":343,"column":16},"end":{"line":343,"column":22}},"199":{"start":{"line":346,"column":16},"end":{"line":346,"column":54}},"200":{"start":{"line":347,"column":16},"end":{"line":348,"column":56}},"201":{"start":{"line":348,"column":20},"end":{"line":348,"column":56}},"202":{"start":{"line":349,"column":16},"end":{"line":349,"column":22}},"203":{"start":{"line":352,"column":16},"end":{"line":352,"column":51}},"204":{"start":{"line":354,"column":16},"end":{"line":354,"column":22}},"205":{"start":{"line":356,"column":8},"end":{"line":356,"column":18}},"206":{"start":{"line":360,"column":8},"end":{"line":364,"column":9}},"207":{"start":{"line":361,"column":12},"end":{"line":361,"column":56}},"208":{"start":{"line":363,"column":12},"end":{"line":363,"column":21}},"209":{"start":{"line":365,"column":19},"end":{"line":365,"column":44}},"210":{"start":{"line":366,"column":8},"end":{"line":366,"column":78}},"211":{"start":{"line":367,"column":8},"end":{"line":375,"column":9}},"212":{"start":{"line":370,"column":16},"end":{"line":371,"column":57}},"213":{"start":{"line":371,"column":20},"end":{"line":371,"column":57}},"214":{"start":{"line":372,"column":16},"end":{"line":372,"column":22}},"215":{"start":{"line":374,"column":16},"end":{"line":374,"column":22}},"216":{"start":{"line":376,"column":8},"end":{"line":376,"column":18}},"217":{"start":{"line":380,"column":8},"end":{"line":380,"column":32}},"218":{"start":{"line":381,"column":8},"end":{"line":381,"column":30}},"219":{"start":{"line":382,"column":8},"end":{"line":382,"column":23}},"220":{"start":{"line":386,"column":19},"end":{"line":386,"column":44}},"221":{"start":{"line":387,"column":8},"end":{"line":399,"column":9}},"222":{"start":{"line":388,"column":12},"end":{"line":391,"column":13}},"223":{"start":{"line":389,"column":16},"end":{"line":389,"column":50}},"224":{"start":{"line":392,"column":24},"end":{"line":392,"column":49}},"225":{"start":{"line":393,"column":12},"end":{"line":398,"column":13}},"226":{"start":{"line":394,"column":16},"end":{"line":394,"column":39}},"227":{"start":{"line":395,"column":16},"end":{"line":395,"column":23}},"228":{"start":{"line":397,"column":16},"end":{"line":397,"column":37}},"229":{"start":{"line":403,"column":24},"end":{"line":403,"column":54}},"230":{"start":{"line":404,"column":26},"end":{"line":404,"column":58}},"231":{"start":{"line":405,"column":22},"end":{"line":405,"column":50}},"232":{"start":{"line":406,"column":24},"end":{"line":406,"column":54}},"233":{"start":{"line":407,"column":17},"end":{"line":407,"column":56}},"234":{"start":{"line":408,"column":25},"end":{"line":408,"column":73}},"235":{"start":{"line":410,"column":20},"end":{"line":410,"column":69}},"236":{"start":{"line":411,"column":8},"end":{"line":411,"column":66}},"237":{"start":{"line":412,"column":8},"end":{"line":412,"column":36}},"238":{"start":{"line":413,"column":8},"end":{"line":413,"column":32}},"239":{"start":{"line":414,"column":8},"end":{"line":414,"column":40}},"240":{"start":{"line":415,"column":8},"end":{"line":415,"column":36}},"241":{"start":{"line":416,"column":8},"end":{"line":416,"column":21}},"242":{"start":{"line":420,"column":8},"end":{"line":423,"column":9}},"243":{"start":{"line":421,"column":15},"end":{"line":423,"column":9}},"244":{"start":{"line":422,"column":12},"end":{"line":422,"column":46}}},"fnMap":{"0":{"name":"(anonymous_0)","decl":{"start":{"line":10,"column":4},"end":{"line":10,"column":5}},"loc":{"start":{"line":10,"column":25},"end":{"line":26,"column":5}},"line":10},"1":{"name":"(anonymous_1)","decl":{"start":{"line":28,"column":4},"end":{"line":28,"column":5}},"loc":{"start":{"line":28,"column":19},"end":{"line":96,"column":5}},"line":28},"2":{"name":"(anonymous_2)","decl":{"start":{"line":98,"column":4},"end":{"line":98,"column":5}},"loc":{"start":{"line":98,"column":30},"end":{"line":143,"column":5}},"line":98},"3":{"name":"(anonymous_3)","decl":{"start":{"line":145,"column":4},"end":{"line":145,"column":5}},"loc":{"start":{"line":145,"column":14},"end":{"line":157,"column":5}},"line":145},"4":{"name":"(anonymous_4)","decl":{"start":{"line":159,"column":4},"end":{"line":159,"column":5}},"loc":{"start":{"line":159,"column":35},"end":{"line":183,"column":5}},"line":159},"5":{"name":"(anonymous_5)","decl":{"start":{"line":185,"column":4},"end":{"line":185,"column":5}},"loc":{"start":{"line":185,"column":39},"end":{"line":217,"column":5}},"line":185},"6":{"name":"(anonymous_6)","decl":{"start":{"line":219,"column":4},"end":{"line":219,"column":5}},"loc":{"start":{"line":219,"column":29},"end":{"line":260,"column":5}},"line":219},"7":{"name":"(anonymous_7)","decl":{"start":{"line":262,"column":4},"end":{"line":262,"column":5}},"loc":{"start":{"line":262,"column":24},"end":{"line":307,"column":5}},"line":262},"8":{"name":"(anonymous_8)","decl":{"start":{"line":309,"column":4},"end":{"line":309,"column":5}},"loc":{"start":{"line":309,"column":30},"end":{"line":328,"column":5}},"line":309},"9":{"name":"(anonymous_9)","decl":{"start":{"line":330,"column":4},"end":{"line":330,"column":5}},"loc":{"start":{"line":330,"column":30},"end":{"line":357,"column":5}},"line":330},"10":{"name":"(anonymous_10)","decl":{"start":{"line":359,"column":4},"end":{"line":359,"column":5}},"loc":{"start":{"line":359,"column":30},"end":{"line":377,"column":5}},"line":359},"11":{"name":"(anonymous_11)","decl":{"start":{"line":379,"column":4},"end":{"line":379,"column":5}},"loc":{"start":{"line":379,"column":25},"end":{"line":383,"column":5}},"line":379},"12":{"name":"(anonymous_12)","decl":{"start":{"line":385,"column":4},"end":{"line":385,"column":5}},"loc":{"start":{"line":385,"column":20},"end":{"line":400,"column":5}},"line":385},"13":{"name":"(anonymous_13)","decl":{"start":{"line":402,"column":4},"end":{"line":402,"column":5}},"loc":{"start":{"line":402,"column":16},"end":{"line":417,"column":5}},"line":402},"14":{"name":"(anonymous_14)","decl":{"start":{"line":419,"column":4},"end":{"line":419,"column":5}},"loc":{"start":{"line":419,"column":19},"end":{"line":425,"column":5}},"line":419}},"branchMap":{"0":{"loc":{"start":{"line":47,"column":12},"end":{"line":71,"column":13}},"type":"if","locations":[{"start":{"line":47,"column":12},"end":{"line":71,"column":13}},{"start":{"line":47,"column":12},"end":{"line":71,"column":13}}],"line":47},"1":{"loc":{"start":{"line":48,"column":16},"end":{"line":50,"column":17}},"type":"if","locations":[{"start":{"line":48,"column":16},"end":{"line":50,"column":17}},{"start":{"line":48,"column":16},"end":{"line":50,"column":17}}],"line":48},"2":{"loc":{"start":{"line":52,"column":16},"end":{"line":57,"column":17}},"type":"if","locations":[{"start":{"line":52,"column":16},"end":{"line":57,"column":17}},{"start":{"line":52,"column":16},"end":{"line":57,"column":17}}],"line":52},"3":{"loc":{"start":{"line":52,"column":20},"end":{"line":53,"column":79}},"type":"binary-expr","locations":[{"start":{"line":52,"column":21},"end":{"line":52,"column":72}},{"start":{"line":53,"column":24},"end":{"line":53,"column":78}}],"line":52},"4":{"loc":{"start":{"line":58,"column":16},"end":{"line":63,"column":17}},"type":"if","locations":[{"start":{"line":58,"column":16},"end":{"line":63,"column":17}},{"start":{"line":58,"column":16},"end":{"line":63,"column":17}}],"line":58},"5":{"loc":{"start":{"line":58,"column":20},"end":{"line":59,"column":62}},"type":"binary-expr","locations":[{"start":{"line":58,"column":20},"end":{"line":58,"column":55}},{"start":{"line":58,"column":59},"end":{"line":58,"column":88}},{"start":{"line":59,"column":23},"end":{"line":59,"column":62}}],"line":58},"6":{"loc":{"start":{"line":64,"column":16},"end":{"line":70,"column":17}},"type":"if","locations":[{"start":{"line":64,"column":16},"end":{"line":70,"column":17}},{"start":{"line":64,"column":16},"end":{"line":70,"column":17}}],"line":64},"7":{"loc":{"start":{"line":82,"column":30},"end":{"line":82,"column":77}},"type":"cond-expr","locations":[{"start":{"line":82,"column":44},"end":{"line":82,"column":46}},{"start":{"line":82,"column":49},"end":{"line":82,"column":77}}],"line":82},"8":{"loc":{"start":{"line":83,"column":16},"end":{"line":88,"column":17}},"type":"if","locations":[{"start":{"line":83,"column":16},"end":{"line":88,"column":17}},{"start":{"line":83,"column":16},"end":{"line":88,"column":17}}],"line":83},"9":{"loc":{"start":{"line":83,"column":20},"end":{"line":83,"column":64}},"type":"binary-expr","locations":[{"start":{"line":83,"column":20},"end":{"line":83,"column":40}},{"start":{"line":83,"column":44},"end":{"line":83,"column":64}}],"line":83},"10":{"loc":{"start":{"line":90,"column":12},"end":{"line":93,"column":13}},"type":"if","locations":[{"start":{"line":90,"column":12},"end":{"line":93,"column":13}},{"start":{"line":90,"column":12},"end":{"line":93,"column":13}}],"line":90},"11":{"loc":{"start":{"line":92,"column":30},"end":{"line":92,"column":77}},"type":"cond-expr","locations":[{"start":{"line":92,"column":44},"end":{"line":92,"column":46}},{"start":{"line":92,"column":49},"end":{"line":92,"column":77}}],"line":92},"12":{"loc":{"start":{"line":99,"column":8},"end":{"line":107,"column":9}},"type":"if","locations":[{"start":{"line":99,"column":8},"end":{"line":107,"column":9}},{"start":{"line":99,"column":8},"end":{"line":107,"column":9}}],"line":99},"13":{"loc":{"start":{"line":99,"column":12},"end":{"line":99,"column":103}},"type":"binary-expr","locations":[{"start":{"line":99,"column":12},"end":{"line":99,"column":31}},{"start":{"line":99,"column":35},"end":{"line":99,"column":55}},{"start":{"line":99,"column":59},"end":{"line":99,"column":79}},{"start":{"line":99,"column":83},"end":{"line":99,"column":103}}],"line":99},"14":{"loc":{"start":{"line":110,"column":8},"end":{"line":142,"column":9}},"type":"switch","locations":[{"start":{"line":111,"column":12},"end":{"line":112,"column":58}},{"start":{"line":113,"column":12},"end":{"line":114,"column":59}},{"start":{"line":115,"column":12},"end":{"line":116,"column":42}},{"start":{"line":117,"column":12},"end":{"line":118,"column":42}},{"start":{"line":119,"column":12},"end":{"line":120,"column":53}},{"start":{"line":121,"column":12},"end":{"line":122,"column":53}},{"start":{"line":123,"column":12},"end":{"line":124,"column":60}},{"start":{"line":125,"column":12},"end":{"line":126,"column":61}},{"start":{"line":127,"column":12},"end":{"line":127,"column":20}},{"start":{"line":128,"column":12},"end":{"line":129,"column":42}},{"start":{"line":130,"column":12},"end":{"line":130,"column":20}},{"start":{"line":131,"column":12},"end":{"line":132,"column":42}},{"start":{"line":133,"column":12},"end":{"line":133,"column":20}},{"start":{"line":134,"column":12},"end":{"line":135,"column":42}},{"start":{"line":136,"column":12},"end":{"line":137,"column":42}},{"start":{"line":138,"column":12},"end":{"line":139,"column":46}},{"start":{"line":140,"column":12},"end":{"line":141,"column":45}}],"line":110},"15":{"loc":{"start":{"line":149,"column":8},"end":{"line":151,"column":9}},"type":"if","locations":[{"start":{"line":149,"column":8},"end":{"line":151,"column":9}},{"start":{"line":149,"column":8},"end":{"line":151,"column":9}}],"line":149},"16":{"loc":{"start":{"line":153,"column":8},"end":{"line":155,"column":9}},"type":"if","locations":[{"start":{"line":153,"column":8},"end":{"line":155,"column":9}},{"start":{"line":153,"column":8},"end":{"line":155,"column":9}}],"line":153},"17":{"loc":{"start":{"line":153,"column":12},"end":{"line":153,"column":34}},"type":"binary-expr","locations":[{"start":{"line":153,"column":12},"end":{"line":153,"column":21}},{"start":{"line":153,"column":25},"end":{"line":153,"column":34}}],"line":153},"18":{"loc":{"start":{"line":171,"column":8},"end":{"line":180,"column":9}},"type":"if","locations":[{"start":{"line":171,"column":8},"end":{"line":180,"column":9}},{"start":{"line":171,"column":8},"end":{"line":180,"column":9}}],"line":171},"19":{"loc":{"start":{"line":171,"column":12},"end":{"line":173,"column":35}},"type":"binary-expr","locations":[{"start":{"line":171,"column":12},"end":{"line":171,"column":22}},{"start":{"line":171,"column":26},"end":{"line":171,"column":37}},{"start":{"line":172,"column":15},"end":{"line":172,"column":35}},{"start":{"line":172,"column":39},"end":{"line":172,"column":59}},{"start":{"line":172,"column":63},"end":{"line":172,"column":82}},{"start":{"line":173,"column":15},"end":{"line":173,"column":35}}],"line":171},"20":{"loc":{"start":{"line":196,"column":12},"end":{"line":202,"column":13}},"type":"switch","locations":[{"start":{"line":197,"column":16},"end":{"line":199,"column":26}},{"start":{"line":200,"column":16},"end":{"line":201,"column":26}}],"line":196},"21":{"loc":{"start":{"line":204,"column":12},"end":{"line":209,"column":13}},"type":"if","locations":[{"start":{"line":204,"column":12},"end":{"line":209,"column":13}},{"start":{"line":204,"column":12},"end":{"line":209,"column":13}}],"line":204},"22":{"loc":{"start":{"line":228,"column":12},"end":{"line":230,"column":13}},"type":"if","locations":[{"start":{"line":228,"column":12},"end":{"line":230,"column":13}},{"start":{"line":228,"column":12},"end":{"line":230,"column":13}}],"line":228},"23":{"loc":{"start":{"line":228,"column":16},"end":{"line":228,"column":84}},"type":"binary-expr","locations":[{"start":{"line":228,"column":16},"end":{"line":228,"column":36}},{"start":{"line":228,"column":40},"end":{"line":228,"column":60}},{"start":{"line":228,"column":64},"end":{"line":228,"column":84}}],"line":228},"24":{"loc":{"start":{"line":232,"column":12},"end":{"line":246,"column":13}},"type":"if","locations":[{"start":{"line":232,"column":12},"end":{"line":246,"column":13}},{"start":{"line":232,"column":12},"end":{"line":246,"column":13}}],"line":232},"25":{"loc":{"start":{"line":240,"column":16},"end":{"line":245,"column":17}},"type":"if","locations":[{"start":{"line":240,"column":16},"end":{"line":245,"column":17}},{"start":{"line":240,"column":16},"end":{"line":245,"column":17}}],"line":240},"26":{"loc":{"start":{"line":249,"column":12},"end":{"line":253,"column":13}},"type":"if","locations":[{"start":{"line":249,"column":12},"end":{"line":253,"column":13}},{"start":{"line":249,"column":12},"end":{"line":253,"column":13}}],"line":249},"27":{"loc":{"start":{"line":270,"column":8},"end":{"line":305,"column":9}},"type":"switch","locations":[{"start":{"line":271,"column":12},"end":{"line":274,"column":22}},{"start":{"line":275,"column":12},"end":{"line":278,"column":22}},{"start":{"line":279,"column":12},"end":{"line":279,"column":20}},{"start":{"line":280,"column":12},"end":{"line":283,"column":22}},{"start":{"line":284,"column":12},"end":{"line":284,"column":20}},{"start":{"line":285,"column":12},"end":{"line":288,"column":22}},{"start":{"line":289,"column":12},"end":{"line":289,"column":20}},{"start":{"line":290,"column":12},"end":{"line":293,"column":22}},{"start":{"line":294,"column":12},"end":{"line":297,"column":22}},{"start":{"line":298,"column":12},"end":{"line":301,"column":22}},{"start":{"line":302,"column":12},"end":{"line":303,"column":22}}],"line":270},"28":{"loc":{"start":{"line":272,"column":16},"end":{"line":273,"column":71}},"type":"if","locations":[{"start":{"line":272,"column":16},"end":{"line":273,"column":71}},{"start":{"line":272,"column":16},"end":{"line":273,"column":71}}],"line":272},"29":{"loc":{"start":{"line":276,"column":16},"end":{"line":277,"column":71}},"type":"if","locations":[{"start":{"line":276,"column":16},"end":{"line":277,"column":71}},{"start":{"line":276,"column":16},"end":{"line":277,"column":71}}],"line":276},"30":{"loc":{"start":{"line":281,"column":16},"end":{"line":282,"column":55}},"type":"if","locations":[{"start":{"line":281,"column":16},"end":{"line":282,"column":55}},{"start":{"line":281,"column":16},"end":{"line":282,"column":55}}],"line":281},"31":{"loc":{"start":{"line":286,"column":16},"end":{"line":287,"column":55}},"type":"if","locations":[{"start":{"line":286,"column":16},"end":{"line":287,"column":55}},{"start":{"line":286,"column":16},"end":{"line":287,"column":55}}],"line":286},"32":{"loc":{"start":{"line":291,"column":16},"end":{"line":292,"column":55}},"type":"if","locations":[{"start":{"line":291,"column":16},"end":{"line":292,"column":55}},{"start":{"line":291,"column":16},"end":{"line":292,"column":55}}],"line":291},"33":{"loc":{"start":{"line":295,"column":16},"end":{"line":296,"column":50}},"type":"if","locations":[{"start":{"line":295,"column":16},"end":{"line":296,"column":50}},{"start":{"line":295,"column":16},"end":{"line":296,"column":50}}],"line":295},"34":{"loc":{"start":{"line":299,"column":16},"end":{"line":300,"column":49}},"type":"if","locations":[{"start":{"line":299,"column":16},"end":{"line":300,"column":49}},{"start":{"line":299,"column":16},"end":{"line":300,"column":49}}],"line":299},"35":{"loc":{"start":{"line":317,"column":8},"end":{"line":326,"column":9}},"type":"switch","locations":[{"start":{"line":318,"column":12},"end":{"line":318,"column":20}},{"start":{"line":319,"column":12},"end":{"line":320,"column":57}},{"start":{"line":321,"column":12},"end":{"line":321,"column":20}},{"start":{"line":322,"column":12},"end":{"line":323,"column":51}},{"start":{"line":324,"column":12},"end":{"line":325,"column":22}}],"line":317},"36":{"loc":{"start":{"line":338,"column":8},"end":{"line":355,"column":9}},"type":"switch","locations":[{"start":{"line":339,"column":12},"end":{"line":339,"column":20}},{"start":{"line":340,"column":12},"end":{"line":343,"column":22}},{"start":{"line":344,"column":12},"end":{"line":344,"column":20}},{"start":{"line":345,"column":12},"end":{"line":349,"column":22}},{"start":{"line":350,"column":12},"end":{"line":350,"column":20}},{"start":{"line":351,"column":12},"end":{"line":352,"column":51}},{"start":{"line":353,"column":12},"end":{"line":354,"column":22}}],"line":338},"37":{"loc":{"start":{"line":341,"column":16},"end":{"line":342,"column":56}},"type":"if","locations":[{"start":{"line":341,"column":16},"end":{"line":342,"column":56}},{"start":{"line":341,"column":16},"end":{"line":342,"column":56}}],"line":341},"38":{"loc":{"start":{"line":347,"column":16},"end":{"line":348,"column":56}},"type":"if","locations":[{"start":{"line":347,"column":16},"end":{"line":348,"column":56}},{"start":{"line":347,"column":16},"end":{"line":348,"column":56}}],"line":347},"39":{"loc":{"start":{"line":367,"column":8},"end":{"line":375,"column":9}},"type":"switch","locations":[{"start":{"line":368,"column":12},"end":{"line":368,"column":20}},{"start":{"line":369,"column":12},"end":{"line":372,"column":22}},{"start":{"line":373,"column":12},"end":{"line":374,"column":22}}],"line":367},"40":{"loc":{"start":{"line":370,"column":16},"end":{"line":371,"column":57}},"type":"if","locations":[{"start":{"line":370,"column":16},"end":{"line":371,"column":57}},{"start":{"line":370,"column":16},"end":{"line":371,"column":57}}],"line":370},"41":{"loc":{"start":{"line":387,"column":8},"end":{"line":399,"column":9}},"type":"if","locations":[{"start":{"line":387,"column":8},"end":{"line":399,"column":9}},{"start":{"line":387,"column":8},"end":{"line":399,"column":9}}],"line":387},"42":{"loc":{"start":{"line":393,"column":12},"end":{"line":398,"column":13}},"type":"if","locations":[{"start":{"line":393,"column":12},"end":{"line":398,"column":13}},{"start":{"line":393,"column":12},"end":{"line":398,"column":13}}],"line":393},"43":{"loc":{"start":{"line":408,"column":25},"end":{"line":408,"column":73}},"type":"cond-expr","locations":[{"start":{"line":408,"column":40},"end":{"line":408,"column":68}},{"start":{"line":408,"column":71},"end":{"line":408,"column":73}}],"line":408},"44":{"loc":{"start":{"line":420,"column":8},"end":{"line":423,"column":9}},"type":"if","locations":[{"start":{"line":420,"column":8},"end":{"line":423,"column":9}},{"start":{"line":420,"column":8},"end":{"line":423,"column":9}}],"line":420},"45":{"loc":{"start":{"line":421,"column":15},"end":{"line":423,"column":9}},"type":"if","locations":[{"start":{"line":421,"column":15},"end":{"line":423,"column":9}},{"start":{"line":421,"column":15},"end":{"line":423,"column":9}}],"line":421}},"s":{"0":1,"1":2,"2":2,"3":2,"4":2,"5":2,"6":2,"7":2,"8":2,"9":4,"10":4,"11":4,"12":4,"13":4,"14":4,"15":4,"16":0,"17":0,"18":0,"19":0,"20":4,"21":4,"22":4,"23":4,"24":4,"25":4,"26":3,"27":0,"28":3,"29":3,"30":0,"31":0,"32":0,"33":3,"34":1,"35":1,"36":1,"37":2,"38":2,"39":2,"40":2,"41":0,"42":1,"43":1,"44":1,"45":1,"46":1,"47":1,"48":1,"49":0,"50":0,"51":0,"52":0,"53":0,"54":0,"55":1,"56":1,"57":1,"58":1,"59":4,"60":0,"61":0,"62":0,"63":0,"64":0,"65":4,"66":4,"67":1,"68":0,"69":1,"70":0,"71":0,"72":1,"73":0,"74":0,"75":0,"76":1,"77":0,"78":0,"79":0,"80":0,"81":0,"82":0,"83":0,"84":0,"85":0,"86":0,"87":0,"88":0,"89":0,"90":0,"91":0,"92":0,"93":0,"94":0,"95":0,"96":0,"97":0,"98":0,"99":0,"100":0,"101":0,"102":0,"103":0,"104":1,"105":1,"106":1,"107":1,"108":0,"109":1,"110":8,"111":8,"112":8,"113":1,"114":1,"115":7,"116":8,"117":8,"118":1,"119":1,"120":1,"121":1,"122":7,"123":7,"124":0,"125":0,"126":0,"127":0,"128":0,"129":0,"130":0,"131":0,"132":0,"133":0,"134":0,"135":0,"136":0,"137":0,"138":0,"139":0,"140":0,"141":0,"142":0,"143":0,"144":0,"145":0,"146":0,"147":0,"148":0,"149":0,"150":0,"151":2,"152":2,"153":0,"154":2,"155":2,"156":2,"157":0,"158":0,"159":0,"160":0,"161":0,"162":0,"163":0,"164":0,"165":0,"166":0,"167":0,"168":0,"169":1,"170":1,"171":0,"172":0,"173":0,"174":0,"175":0,"176":0,"177":0,"178":1,"179":1,"180":1,"181":1,"182":0,"183":1,"184":1,"185":1,"186":1,"187":0,"188":0,"189":0,"190":1,"191":1,"192":0,"193":1,"194":1,"195":1,"196":0,"197":0,"198":0,"199":1,"200":1,"201":0,"202":1,"203":0,"204":0,"205":1,"206":0,"207":0,"208":0,"209":0,"210":0,"211":0,"212":0,"213":0,"214":0,"215":0,"216":0,"217":2,"218":2,"219":2,"220":0,"221":0,"222":0,"223":0,"224":0,"225":0,"226":0,"227":0,"228":0,"229":3,"230":3,"231":3,"232":3,"233":3,"234":3,"235":3,"236":3,"237":3,"238":3,"239":3,"240":3,"241":3,"242":0,"243":0,"244":0},"f":{"0":2,"1":4,"2":4,"3":0,"4":0,"5":1,"6":0,"7":2,"8":1,"9":1,"10":0,"11":2,"12":0,"13":3,"14":0},"b":{"0":[3,1],"1":[0,3],"2":[0,3],"3":[3,3],"4":[1,2],"5":[3,2,2],"6":[2,0],"7":[0,0],"8":[0,0],"9":[0,0],"10":[1,0],"11":[1,0],"12":[0,4],"13":[4,4,4,4],"14":[1,0,1,0,0,1,0,0,0,0,0,1,0,0,0,0,0],"15":[0,0],"16":[0,0],"17":[0,0],"18":[0,0],"19":[0,0,0,0,0,0],"20":[1,7],"21":[1,7],"22":[0,0],"23":[0,0,0],"24":[0,0],"25":[0,0],"26":[0,0],"27":[0,0,0,0,0,0,0,1,0,0,1],"28":[0,0],"29":[0,0],"30":[0,0],"31":[0,0],"32":[1,0],"33":[0,0],"34":[0,0],"35":[0,1,0,0,0],"36":[0,0,0,1,0,0,0],"37":[0,0],"38":[0,1],"39":[0,0,0],"40":[0,0],"41":[0,0],"42":[0,0],"43":[1,2],"44":[0,0],"45":[0,0]},"_coverageSchema":"1a1c01bbd47fc00a2c39e90264f33305004495a9","hash":"7d4ce618ffc742fbae7a29d9dc851cb278cea352"}
,"E:\\2021\\javascript-json-parser\\src\\parser\\RJsonToken.js": {"path":"E:\\2021\\javascript-json-parser\\src\\parser\\RJsonToken.js","statementMap":{"0":{"start":{"line":1,"column":13},"end":{"line":1,"column":40}},"1":{"start":{"line":5,"column":8},"end":{"line":5,"column":28}},"2":{"start":{"line":6,"column":8},"end":{"line":6,"column":29}},"3":{"start":{"line":10,"column":8},"end":{"line":10,"column":31}},"4":{"start":{"line":14,"column":8},"end":{"line":14,"column":29}},"5":{"start":{"line":18,"column":8},"end":{"line":18,"column":35}},"6":{"start":{"line":22,"column":8},"end":{"line":22,"column":33}},"7":{"start":{"line":26,"column":8},"end":{"line":26,"column":25}},"8":{"start":{"line":30,"column":8},"end":{"line":30,"column":29}},"9":{"start":{"line":34,"column":8},"end":{"line":34,"column":82}},"10":{"start":{"line":35,"column":8},"end":{"line":35,"column":27}},"11":{"start":{"line":39,"column":8},"end":{"line":39,"column":42}},"12":{"start":{"line":43,"column":5},"end":{"line":43,"column":58}}},"fnMap":{"0":{"name":"(anonymous_0)","decl":{"start":{"line":4,"column":4},"end":{"line":4,"column":5}},"loc":{"start":{"line":4,"column":31},"end":{"line":7,"column":5}},"line":4},"1":{"name":"(anonymous_1)","decl":{"start":{"line":9,"column":4},"end":{"line":9,"column":5}},"loc":{"start":{"line":9,"column":24},"end":{"line":11,"column":5}},"line":9},"2":{"name":"(anonymous_2)","decl":{"start":{"line":13,"column":4},"end":{"line":13,"column":5}},"loc":{"start":{"line":13,"column":22},"end":{"line":15,"column":5}},"line":13},"3":{"name":"(anonymous_3)","decl":{"start":{"line":17,"column":4},"end":{"line":17,"column":5}},"loc":{"start":{"line":17,"column":28},"end":{"line":19,"column":5}},"line":17},"4":{"name":"(anonymous_4)","decl":{"start":{"line":21,"column":4},"end":{"line":21,"column":5}},"loc":{"start":{"line":21,"column":26},"end":{"line":23,"column":5}},"line":21},"5":{"name":"(anonymous_5)","decl":{"start":{"line":25,"column":4},"end":{"line":25,"column":5}},"loc":{"start":{"line":25,"column":15},"end":{"line":27,"column":5}},"line":25},"6":{"name":"(anonymous_6)","decl":{"start":{"line":29,"column":4},"end":{"line":29,"column":5}},"loc":{"start":{"line":29,"column":22},"end":{"line":31,"column":5}},"line":29},"7":{"name":"(anonymous_7)","decl":{"start":{"line":33,"column":4},"end":{"line":33,"column":5}},"loc":{"start":{"line":33,"column":16},"end":{"line":36,"column":5}},"line":33},"8":{"name":"(anonymous_8)","decl":{"start":{"line":38,"column":4},"end":{"line":38,"column":5}},"loc":{"start":{"line":38,"column":32},"end":{"line":40,"column":5}},"line":38},"9":{"name":"(anonymous_9)","decl":{"start":{"line":42,"column":4},"end":{"line":42,"column":5}},"loc":{"start":{"line":42,"column":15},"end":{"line":44,"column":5}},"line":42}},"branchMap":{},"s":{"0":1,"1":3,"2":3,"3":3,"4":3,"5":3,"6":3,"7":0,"8":0,"9":8,"10":8,"11":3,"12":5},"f":{"0":3,"1":3,"2":3,"3":3,"4":3,"5":0,"6":0,"7":8,"8":3,"9":5},"b":{},"_coverageSchema":"1a1c01bbd47fc00a2c39e90264f33305004495a9","hash":"58d1cd31be12da061c0052d6c71a57a58503238b"}
,"E:\\2021\\javascript-json-parser\\src\\parser\\RJsonTokenMgrError.js": {"path":"E:\\2021\\javascript-json-parser\\src\\parser\\RJsonTokenMgrError.js","statementMap":{"0":{"start":{"line":4,"column":21},"end":{"line":4,"column":23}},"1":{"start":{"line":5,"column":8},"end":{"line":42,"column":9}},"2":{"start":{"line":6,"column":12},"end":{"line":41,"column":13}},"3":{"start":{"line":8,"column":20},"end":{"line":8,"column":29}},"4":{"start":{"line":10,"column":20},"end":{"line":10,"column":36}},"5":{"start":{"line":11,"column":20},"end":{"line":11,"column":29}},"6":{"start":{"line":13,"column":20},"end":{"line":13,"column":36}},"7":{"start":{"line":14,"column":20},"end":{"line":14,"column":29}},"8":{"start":{"line":16,"column":20},"end":{"line":16,"column":36}},"9":{"start":{"line":17,"column":20},"end":{"line":17,"column":29}},"10":{"start":{"line":19,"column":20},"end":{"line":19,"column":36}},"11":{"start":{"line":20,"column":20},"end":{"line":20,"column":29}},"12":{"start":{"line":22,"column":20},"end":{"line":22,"column":36}},"13":{"start":{"line":23,"column":20},"end":{"line":23,"column":29}},"14":{"start":{"line":25,"column":20},"end":{"line":25,"column":37}},"15":{"start":{"line":26,"column":20},"end":{"line":26,"column":29}},"16":{"start":{"line":28,"column":20},"end":{"line":28,"column":37}},"17":{"start":{"line":29,"column":20},"end":{"line":29,"column":29}},"18":{"start":{"line":31,"column":20},"end":{"line":31,"column":37}},"19":{"start":{"line":32,"column":20},"end":{"line":32,"column":29}},"20":{"start":{"line":34,"column":20},"end":{"line":39,"column":21}},"21":{"start":{"line":35,"column":32},"end":{"line":35,"column":65}},"22":{"start":{"line":36,"column":24},"end":{"line":36,"column":82}},"23":{"start":{"line":38,"column":24},"end":{"line":38,"column":37}},"24":{"start":{"line":40,"column":20},"end":{"line":40,"column":29}},"25":{"start":{"line":43,"column":8},"end":{"line":43,"column":33}},"26":{"start":{"line":47,"column":19},"end":{"line":47,"column":39}},"27":{"start":{"line":48,"column":8},"end":{"line":52,"column":76}},"28":{"start":{"line":56,"column":8},"end":{"line":56,"column":119}},"29":{"start":{"line":57,"column":8},"end":{"line":57,"column":29}}},"fnMap":{"0":{"name":"(anonymous_0)","decl":{"start":{"line":2,"column":4},"end":{"line":2,"column":5}},"loc":{"start":{"line":2,"column":27},"end":{"line":44,"column":5}},"line":2},"1":{"name":"(anonymous_1)","decl":{"start":{"line":46,"column":4},"end":{"line":46,"column":5}},"loc":{"start":{"line":46,"column":88},"end":{"line":53,"column":5}},"line":46},"2":{"name":"(anonymous_2)","decl":{"start":{"line":55,"column":4},"end":{"line":55,"column":5}},"loc":{"start":{"line":55,"column":88},"end":{"line":58,"column":5}},"line":55}},"branchMap":{"0":{"loc":{"start":{"line":6,"column":12},"end":{"line":41,"column":13}},"type":"switch","locations":[{"start":{"line":7,"column":16},"end":{"line":8,"column":29}},{"start":{"line":9,"column":16},"end":{"line":11,"column":29}},{"start":{"line":12,"column":16},"end":{"line":14,"column":29}},{"start":{"line":15,"column":16},"end":{"line":17,"column":29}},{"start":{"line":18,"column":16},"end":{"line":20,"column":29}},{"start":{"line":21,"column":16},"end":{"line":23,"column":29}},{"start":{"line":24,"column":16},"end":{"line":26,"column":29}},{"start":{"line":27,"column":16},"end":{"line":29,"column":29}},{"start":{"line":30,"column":16},"end":{"line":32,"column":29}},{"start":{"line":33,"column":16},"end":{"line":40,"column":29}}],"line":6},"1":{"loc":{"start":{"line":34,"column":20},"end":{"line":39,"column":21}},"type":"if","locations":[{"start":{"line":34,"column":20},"end":{"line":39,"column":21}},{"start":{"line":34,"column":20},"end":{"line":39,"column":21}}],"line":34},"2":{"loc":{"start":{"line":34,"column":24},"end":{"line":34,"column":64}},"type":"binary-expr","locations":[{"start":{"line":34,"column":24},"end":{"line":34,"column":51}},{"start":{"line":34,"column":55},"end":{"line":34,"column":64}}],"line":34},"3":{"loc":{"start":{"line":51,"column":13},"end":{"line":51,"column":110}},"type":"cond-expr","locations":[{"start":{"line":51,"column":23},"end":{"line":51,"column":31}},{"start":{"line":51,"column":34},"end":{"line":51,"column":110}}],"line":51}},"s":{"0":2,"1":2,"2":1,"3":0,"4":0,"5":0,"6":0,"7":0,"8":0,"9":0,"10":0,"11":0,"12":0,"13":0,"14":0,"15":0,"16":0,"17":0,"18":0,"19":0,"20":1,"21":0,"22":0,"23":1,"24":1,"25":2,"26":1,"27":1,"28":1,"29":1},"f":{"0":2,"1":1,"2":1},"b":{"0":[0,0,0,0,0,0,0,0,0,1],"1":[0,1],"2":[1,1],"3":[0,1]},"_coverageSchema":"1a1c01bbd47fc00a2c39e90264f33305004495a9","hash":"9dafdb59d031a2f45057da604b844e54925aaabd"}
}
