{"E:\\2021\\javascript-json-parser\\src\\io\\CharStream.js": {"path":"E:\\2021\\javascript-json-parser\\src\\io\\CharStream.js","statementMap":{"0":{"start":{"line":1,"column":13},"end":{"line":1,"column":40}},"1":{"start":{"line":4,"column":17},"end":{"line":4,"column":21}},"2":{"start":{"line":7,"column":8},"end":{"line":7,"column":32}},"3":{"start":{"line":8,"column":8},"end":{"line":8,"column":30}},"4":{"start":{"line":10,"column":8},"end":{"line":10,"column":26}},"5":{"start":{"line":11,"column":8},"end":{"line":11,"column":28}},"6":{"start":{"line":12,"column":8},"end":{"line":12,"column":24}},"7":{"start":{"line":13,"column":8},"end":{"line":13,"column":22}},"8":{"start":{"line":15,"column":8},"end":{"line":15,"column":25}},"9":{"start":{"line":16,"column":8},"end":{"line":16,"column":25}},"10":{"start":{"line":17,"column":8},"end":{"line":17,"column":41}},"11":{"start":{"line":18,"column":8},"end":{"line":18,"column":23}},"12":{"start":{"line":20,"column":8},"end":{"line":20,"column":34}},"13":{"start":{"line":21,"column":8},"end":{"line":21,"column":34}},"14":{"start":{"line":22,"column":8},"end":{"line":22,"column":25}},"15":{"start":{"line":24,"column":8},"end":{"line":24,"column":28}},"16":{"start":{"line":25,"column":8},"end":{"line":25,"column":54}},"17":{"start":{"line":26,"column":8},"end":{"line":26,"column":25}},"18":{"start":{"line":27,"column":8},"end":{"line":27,"column":34}},"19":{"start":{"line":31,"column":8},"end":{"line":34,"column":9}},"20":{"start":{"line":33,"column":12},"end":{"line":33,"column":41}},"21":{"start":{"line":35,"column":8},"end":{"line":35,"column":28}},"22":{"start":{"line":36,"column":8},"end":{"line":36,"column":25}},"23":{"start":{"line":37,"column":8},"end":{"line":37,"column":31}},"24":{"start":{"line":41,"column":8},"end":{"line":44,"column":9}},"25":{"start":{"line":43,"column":12},"end":{"line":43,"column":41}},"26":{"start":{"line":45,"column":8},"end":{"line":46,"column":34}},"27":{"start":{"line":46,"column":12},"end":{"line":46,"column":34}},"28":{"start":{"line":48,"column":16},"end":{"line":48,"column":31}},"29":{"start":{"line":49,"column":8},"end":{"line":49,"column":28}},"30":{"start":{"line":51,"column":8},"end":{"line":56,"column":9}},"31":{"start":{"line":52,"column":12},"end":{"line":52,"column":40}},"32":{"start":{"line":54,"column":12},"end":{"line":54,"column":37}},"33":{"start":{"line":55,"column":12},"end":{"line":55,"column":21}},"34":{"start":{"line":61,"column":8},"end":{"line":62,"column":28}},"35":{"start":{"line":62,"column":12},"end":{"line":62,"column":28}},"36":{"start":{"line":63,"column":8},"end":{"line":63,"column":110}},"37":{"start":{"line":64,"column":8},"end":{"line":64,"column":50}},"38":{"start":{"line":69,"column":8},"end":{"line":70,"column":55}},"39":{"start":{"line":70,"column":12},"end":{"line":70,"column":55}},"40":{"start":{"line":71,"column":8},"end":{"line":87,"column":9}},"41":{"start":{"line":72,"column":12},"end":{"line":77,"column":13}},"42":{"start":{"line":73,"column":16},"end":{"line":73,"column":41}},"43":{"start":{"line":74,"column":16},"end":{"line":74,"column":63}},"44":{"start":{"line":76,"column":16},"end":{"line":76,"column":41}},"45":{"start":{"line":79,"column":12},"end":{"line":85,"column":13}},"46":{"start":{"line":80,"column":16},"end":{"line":80,"column":30}},"47":{"start":{"line":81,"column":16},"end":{"line":81,"column":31}},"48":{"start":{"line":83,"column":16},"end":{"line":83,"column":54}},"49":{"start":{"line":84,"column":16},"end":{"line":84,"column":57}},"50":{"start":{"line":86,"column":12},"end":{"line":86,"column":20}},"51":{"start":{"line":91,"column":8},"end":{"line":91,"column":29}},"52":{"start":{"line":92,"column":8},"end":{"line":93,"column":40}},"53":{"start":{"line":93,"column":12},"end":{"line":93,"column":40}},"54":{"start":{"line":97,"column":8},"end":{"line":97,"column":21}},"55":{"start":{"line":98,"column":8},"end":{"line":99,"column":28}},"56":{"start":{"line":99,"column":12},"end":{"line":99,"column":28}},"57":{"start":{"line":100,"column":8},"end":{"line":100,"column":40}},"58":{"start":{"line":104,"column":8},"end":{"line":116,"column":9}},"59":{"start":{"line":105,"column":12},"end":{"line":109,"column":13}},"60":{"start":{"line":106,"column":16},"end":{"line":106,"column":32}},"61":{"start":{"line":108,"column":16},"end":{"line":108,"column":38}},"62":{"start":{"line":110,"column":15},"end":{"line":116,"column":9}},"63":{"start":{"line":111,"column":12},"end":{"line":111,"column":42}},"64":{"start":{"line":112,"column":16},"end":{"line":116,"column":9}},"65":{"start":{"line":113,"column":12},"end":{"line":113,"column":34}},"66":{"start":{"line":115,"column":12},"end":{"line":115,"column":45}},"67":{"start":{"line":120,"column":8},"end":{"line":120,"column":57}},"68":{"start":{"line":124,"column":8},"end":{"line":124,"column":57}},"69":{"start":{"line":128,"column":8},"end":{"line":128,"column":22}},"70":{"start":{"line":129,"column":8},"end":{"line":139,"column":9}},"71":{"start":{"line":130,"column":12},"end":{"line":130,"column":38}},"72":{"start":{"line":131,"column":12},"end":{"line":131,"column":43}},"73":{"start":{"line":132,"column":15},"end":{"line":139,"column":9}},"74":{"start":{"line":133,"column":12},"end":{"line":133,"column":38}},"75":{"start":{"line":134,"column":12},"end":{"line":138,"column":13}},"76":{"start":{"line":135,"column":16},"end":{"line":135,"column":41}},"77":{"start":{"line":137,"column":16},"end":{"line":137,"column":47}},"78":{"start":{"line":141,"column":8},"end":{"line":159,"column":9}},"79":{"start":{"line":143,"column":16},"end":{"line":143,"column":34}},"80":{"start":{"line":144,"column":16},"end":{"line":144,"column":41}},"81":{"start":{"line":145,"column":16},"end":{"line":145,"column":22}},"82":{"start":{"line":147,"column":16},"end":{"line":147,"column":34}},"83":{"start":{"line":148,"column":16},"end":{"line":148,"column":41}},"84":{"start":{"line":149,"column":16},"end":{"line":149,"column":22}},"85":{"start":{"line":151,"column":16},"end":{"line":151,"column":34}},"86":{"start":{"line":152,"column":16},"end":{"line":152,"column":30}},"87":{"start":{"line":153,"column":16},"end":{"line":153,"column":77}},"88":{"start":{"line":154,"column":16},"end":{"line":154,"column":22}},"89":{"start":{"line":156,"column":16},"end":{"line":156,"column":22}},"90":{"start":{"line":158,"column":16},"end":{"line":158,"column":22}},"91":{"start":{"line":161,"column":8},"end":{"line":161,"column":46}},"92":{"start":{"line":162,"column":8},"end":{"line":162,"column":50}},"93":{"start":{"line":166,"column":8},"end":{"line":166,"column":26}},"94":{"start":{"line":171,"column":8},"end":{"line":171,"column":80}},"95":{"start":{"line":172,"column":8},"end":{"line":175,"column":154}},"96":{"start":{"line":173,"column":12},"end":{"line":173,"column":99}},"97":{"start":{"line":175,"column":12},"end":{"line":175,"column":154}},"98":{"start":{"line":176,"column":8},"end":{"line":176,"column":46}},"99":{"start":{"line":177,"column":8},"end":{"line":177,"column":35}},"100":{"start":{"line":181,"column":8},"end":{"line":181,"column":43}},"101":{"start":{"line":185,"column":8},"end":{"line":185,"column":41}},"102":{"start":{"line":189,"column":8},"end":{"line":189,"column":41}},"103":{"start":{"line":193,"column":8},"end":{"line":193,"column":47}},"104":{"start":{"line":197,"column":8},"end":{"line":197,"column":45}}},"fnMap":{"0":{"name":"(anonymous_0)","decl":{"start":{"line":6,"column":4},"end":{"line":6,"column":5}},"loc":{"start":{"line":6,"column":24},"end":{"line":28,"column":5}},"line":6},"1":{"name":"(anonymous_1)","decl":{"start":{"line":30,"column":4},"end":{"line":30,"column":5}},"loc":{"start":{"line":30,"column":17},"end":{"line":38,"column":5}},"line":30},"2":{"name":"(anonymous_2)","decl":{"start":{"line":40,"column":4},"end":{"line":40,"column":5}},"loc":{"start":{"line":40,"column":15},"end":{"line":57,"column":5}},"line":40},"3":{"name":"(anonymous_3)","decl":{"start":{"line":59,"column":4},"end":{"line":59,"column":5}},"loc":{"start":{"line":59,"column":15},"end":{"line":65,"column":5}},"line":59},"4":{"name":"(anonymous_4)","decl":{"start":{"line":67,"column":4},"end":{"line":67,"column":5}},"loc":{"start":{"line":67,"column":15},"end":{"line":88,"column":5}},"line":67},"5":{"name":"(anonymous_5)","decl":{"start":{"line":90,"column":4},"end":{"line":90,"column":5}},"loc":{"start":{"line":90,"column":19},"end":{"line":94,"column":5}},"line":90},"6":{"name":"(anonymous_6)","decl":{"start":{"line":96,"column":4},"end":{"line":96,"column":5}},"loc":{"start":{"line":96,"column":21},"end":{"line":101,"column":5}},"line":96},"7":{"name":"(anonymous_7)","decl":{"start":{"line":103,"column":4},"end":{"line":103,"column":5}},"loc":{"start":{"line":103,"column":21},"end":{"line":117,"column":5}},"line":103},"8":{"name":"(anonymous_8)","decl":{"start":{"line":119,"column":4},"end":{"line":119,"column":5}},"loc":{"start":{"line":119,"column":17},"end":{"line":121,"column":5}},"line":119},"9":{"name":"(anonymous_9)","decl":{"start":{"line":123,"column":4},"end":{"line":123,"column":5}},"loc":{"start":{"line":123,"column":20},"end":{"line":125,"column":5}},"line":123},"10":{"name":"(anonymous_10)","decl":{"start":{"line":127,"column":4},"end":{"line":127,"column":5}},"loc":{"start":{"line":127,"column":24},"end":{"line":163,"column":5}},"line":127},"11":{"name":"(anonymous_11)","decl":{"start":{"line":165,"column":4},"end":{"line":165,"column":5}},"loc":{"start":{"line":165,"column":20},"end":{"line":167,"column":5}},"line":165},"12":{"name":"(anonymous_12)","decl":{"start":{"line":169,"column":4},"end":{"line":169,"column":5}},"loc":{"start":{"line":169,"column":15},"end":{"line":178,"column":5}},"line":169},"13":{"name":"(anonymous_13)","decl":{"start":{"line":180,"column":4},"end":{"line":180,"column":5}},"loc":{"start":{"line":180,"column":20},"end":{"line":182,"column":5}},"line":180},"14":{"name":"(anonymous_14)","decl":{"start":{"line":184,"column":4},"end":{"line":184,"column":5}},"loc":{"start":{"line":184,"column":18},"end":{"line":186,"column":5}},"line":184},"15":{"name":"(anonymous_15)","decl":{"start":{"line":188,"column":4},"end":{"line":188,"column":5}},"loc":{"start":{"line":188,"column":21},"end":{"line":190,"column":5}},"line":188},"16":{"name":"(anonymous_16)","decl":{"start":{"line":192,"column":4},"end":{"line":192,"column":5}},"loc":{"start":{"line":192,"column":25},"end":{"line":194,"column":5}},"line":192},"17":{"name":"(anonymous_17)","decl":{"start":{"line":196,"column":4},"end":{"line":196,"column":5}},"loc":{"start":{"line":196,"column":23},"end":{"line":198,"column":5}},"line":196}},"branchMap":{"0":{"loc":{"start":{"line":31,"column":8},"end":{"line":34,"column":9}},"type":"if","locations":[{"start":{"line":31,"column":8},"end":{"line":34,"column":9}},{"start":{"line":31,"column":8},"end":{"line":34,"column":9}}],"line":31},"1":{"loc":{"start":{"line":41,"column":8},"end":{"line":44,"column":9}},"type":"if","locations":[{"start":{"line":41,"column":8},"end":{"line":44,"column":9}},{"start":{"line":41,"column":8},"end":{"line":44,"column":9}}],"line":41},"2":{"loc":{"start":{"line":45,"column":8},"end":{"line":46,"column":34}},"type":"if","locations":[{"start":{"line":45,"column":8},"end":{"line":46,"column":34}},{"start":{"line":45,"column":8},"end":{"line":46,"column":34}}],"line":45},"3":{"loc":{"start":{"line":51,"column":8},"end":{"line":56,"column":9}},"type":"if","locations":[{"start":{"line":51,"column":8},"end":{"line":56,"column":9}},{"start":{"line":51,"column":8},"end":{"line":56,"column":9}}],"line":51},"4":{"loc":{"start":{"line":61,"column":8},"end":{"line":62,"column":28}},"type":"if","locations":[{"start":{"line":61,"column":8},"end":{"line":62,"column":28}},{"start":{"line":61,"column":8},"end":{"line":62,"column":28}}],"line":61},"5":{"loc":{"start":{"line":69,"column":8},"end":{"line":70,"column":55}},"type":"if","locations":[{"start":{"line":69,"column":8},"end":{"line":70,"column":55}},{"start":{"line":69,"column":8},"end":{"line":70,"column":55}}],"line":69},"6":{"loc":{"start":{"line":72,"column":12},"end":{"line":77,"column":13}},"type":"if","locations":[{"start":{"line":72,"column":12},"end":{"line":77,"column":13}},{"start":{"line":72,"column":12},"end":{"line":77,"column":13}}],"line":72},"7":{"loc":{"start":{"line":79,"column":12},"end":{"line":85,"column":13}},"type":"if","locations":[{"start":{"line":79,"column":12},"end":{"line":85,"column":13}},{"start":{"line":79,"column":12},"end":{"line":85,"column":13}}],"line":79},"8":{"loc":{"start":{"line":92,"column":8},"end":{"line":93,"column":40}},"type":"if","locations":[{"start":{"line":92,"column":8},"end":{"line":93,"column":40}},{"start":{"line":92,"column":8},"end":{"line":93,"column":40}}],"line":92},"9":{"loc":{"start":{"line":98,"column":8},"end":{"line":99,"column":28}},"type":"if","locations":[{"start":{"line":98,"column":8},"end":{"line":99,"column":28}},{"start":{"line":98,"column":8},"end":{"line":99,"column":28}}],"line":98},"10":{"loc":{"start":{"line":104,"column":8},"end":{"line":116,"column":9}},"type":"if","locations":[{"start":{"line":104,"column":8},"end":{"line":116,"column":9}},{"start":{"line":104,"column":8},"end":{"line":116,"column":9}}],"line":104},"11":{"loc":{"start":{"line":105,"column":12},"end":{"line":109,"column":13}},"type":"if","locations":[{"start":{"line":105,"column":12},"end":{"line":109,"column":13}},{"start":{"line":105,"column":12},"end":{"line":109,"column":13}}],"line":105},"12":{"loc":{"start":{"line":110,"column":15},"end":{"line":116,"column":9}},"type":"if","locations":[{"start":{"line":110,"column":15},"end":{"line":116,"column":9}},{"start":{"line":110,"column":15},"end":{"line":116,"column":9}}],"line":110},"13":{"loc":{"start":{"line":112,"column":16},"end":{"line":116,"column":9}},"type":"if","locations":[{"start":{"line":112,"column":16},"end":{"line":116,"column":9}},{"start":{"line":112,"column":16},"end":{"line":116,"column":9}}],"line":112},"14":{"loc":{"start":{"line":129,"column":8},"end":{"line":139,"column":9}},"type":"if","locations":[{"start":{"line":129,"column":8},"end":{"line":139,"column":9}},{"start":{"line":129,"column":8},"end":{"line":139,"column":9}}],"line":129},"15":{"loc":{"start":{"line":132,"column":15},"end":{"line":139,"column":9}},"type":"if","locations":[{"start":{"line":132,"column":15},"end":{"line":139,"column":9}},{"start":{"line":132,"column":15},"end":{"line":139,"column":9}}],"line":132},"16":{"loc":{"start":{"line":134,"column":12},"end":{"line":138,"column":13}},"type":"if","locations":[{"start":{"line":134,"column":12},"end":{"line":138,"column":13}},{"start":{"line":134,"column":12},"end":{"line":138,"column":13}}],"line":134},"17":{"loc":{"start":{"line":141,"column":8},"end":{"line":159,"column":9}},"type":"switch","locations":[{"start":{"line":142,"column":12},"end":{"line":145,"column":22}},{"start":{"line":146,"column":12},"end":{"line":149,"column":22}},{"start":{"line":150,"column":12},"end":{"line":154,"column":22}},{"start":{"line":155,"column":12},"end":{"line":156,"column":22}},{"start":{"line":157,"column":12},"end":{"line":158,"column":22}}],"line":141},"18":{"loc":{"start":{"line":172,"column":8},"end":{"line":175,"column":154}},"type":"if","locations":[{"start":{"line":172,"column":8},"end":{"line":175,"column":154}},{"start":{"line":172,"column":8},"end":{"line":175,"column":154}}],"line":172}},"s":{"0":1,"1":2,"2":2,"3":2,"4":2,"5":2,"6":2,"7":2,"8":2,"9":2,"10":2,"11":2,"12":2,"13":2,"14":2,"15":2,"16":2,"17":2,"18":2,"19":2,"20":0,"21":2,"22":2,"23":2,"24":2,"25":0,"26":2,"27":0,"28":2,"29":2,"30":2,"31":0,"32":2,"33":2,"34":2,"35":2,"36":2,"37":2,"38":2,"39":0,"40":2,"41":2,"42":0,"43":0,"44":2,"45":0,"46":0,"47":0,"48":0,"49":0,"50":0,"51":0,"52":0,"53":0,"54":0,"55":0,"56":0,"57":0,"58":0,"59":0,"60":0,"61":0,"62":0,"63":0,"64":0,"65":0,"66":0,"67":0,"68":0,"69":2,"70":2,"71":0,"72":0,"73":2,"74":0,"75":0,"76":0,"77":0,"78":2,"79":0,"80":0,"81":0,"82":0,"83":0,"84":0,"85":0,"86":0,"87":0,"88":0,"89":0,"90":2,"91":2,"92":2,"93":0,"94":1,"95":1,"96":1,"97":0,"98":1,"99":1,"100":0,"101":0,"102":0,"103":0,"104":0},"f":{"0":2,"1":2,"2":2,"3":2,"4":2,"5":0,"6":0,"7":0,"8":0,"9":0,"10":2,"11":0,"12":1,"13":0,"14":0,"15":0,"16":0,"17":0},"b":{"0":[0,2],"1":[0,2],"2":[0,2],"3":[0,2],"4":[2,0],"5":[0,2],"6":[0,2],"7":[0,0],"8":[0,0],"9":[0,0],"10":[0,0],"11":[0,0],"12":[0,0],"13":[0,0],"14":[0,2],"15":[0,2],"16":[0,0],"17":[0,0,0,0,2],"18":[1,0]},"_coverageSchema":"1a1c01bbd47fc00a2c39e90264f33305004495a9","hash":"4dd0283aab24e0a204053c04e9b7e4145a4bfc24"}
,"E:\\2021\\javascript-json-parser\\src\\io\\Reader.js": {"path":"E:\\2021\\javascript-json-parser\\src\\io\\Reader.js","statementMap":{"0":{"start":{"line":4,"column":8},"end":{"line":6,"column":9}},"1":{"start":{"line":5,"column":12},"end":{"line":5,"column":69}},"2":{"start":{"line":8,"column":8},"end":{"line":11,"column":9}},"3":{"start":{"line":10,"column":12},"end":{"line":10,"column":74}},"4":{"start":{"line":13,"column":8},"end":{"line":16,"column":9}},"5":{"start":{"line":15,"column":12},"end":{"line":15,"column":78}},"6":{"start":{"line":18,"column":8},"end":{"line":21,"column":9}},"7":{"start":{"line":20,"column":12},"end":{"line":20,"column":77}},"8":{"start":{"line":23,"column":8},"end":{"line":23,"column":30}},"9":{"start":{"line":24,"column":8},"end":{"line":24,"column":40}},"10":{"start":{"line":25,"column":8},"end":{"line":25,"column":22}},"11":{"start":{"line":26,"column":8},"end":{"line":26,"column":22}},"12":{"start":{"line":30,"column":8},"end":{"line":30,"column":76}},"13":{"start":{"line":34,"column":8},"end":{"line":34,"column":80}},"14":{"start":{"line":38,"column":8},"end":{"line":38,"column":77}},"15":{"start":{"line":42,"column":8},"end":{"line":43,"column":45}},"16":{"start":{"line":43,"column":12},"end":{"line":43,"column":45}}},"fnMap":{"0":{"name":"(anonymous_0)","decl":{"start":{"line":3,"column":4},"end":{"line":3,"column":5}},"loc":{"start":{"line":3,"column":26},"end":{"line":27,"column":5}},"line":3},"1":{"name":"(anonymous_1)","decl":{"start":{"line":29,"column":4},"end":{"line":29,"column":5}},"loc":{"start":{"line":29,"column":28},"end":{"line":31,"column":5}},"line":29},"2":{"name":"(anonymous_2)","decl":{"start":{"line":33,"column":4},"end":{"line":33,"column":5}},"loc":{"start":{"line":33,"column":46},"end":{"line":35,"column":5}},"line":33},"3":{"name":"(anonymous_3)","decl":{"start":{"line":37,"column":4},"end":{"line":37,"column":5}},"loc":{"start":{"line":37,"column":12},"end":{"line":39,"column":5}},"line":37},"4":{"name":"(anonymous_4)","decl":{"start":{"line":41,"column":4},"end":{"line":41,"column":5}},"loc":{"start":{"line":41,"column":17},"end":{"line":44,"column":5}},"line":41}},"branchMap":{"0":{"loc":{"start":{"line":4,"column":8},"end":{"line":6,"column":9}},"type":"if","locations":[{"start":{"line":4,"column":8},"end":{"line":6,"column":9}},{"start":{"line":4,"column":8},"end":{"line":6,"column":9}}],"line":4},"1":{"loc":{"start":{"line":8,"column":8},"end":{"line":11,"column":9}},"type":"if","locations":[{"start":{"line":8,"column":8},"end":{"line":11,"column":9}},{"start":{"line":8,"column":8},"end":{"line":11,"column":9}}],"line":8},"2":{"loc":{"start":{"line":13,"column":8},"end":{"line":16,"column":9}},"type":"if","locations":[{"start":{"line":13,"column":8},"end":{"line":16,"column":9}},{"start":{"line":13,"column":8},"end":{"line":16,"column":9}}],"line":13},"3":{"loc":{"start":{"line":18,"column":8},"end":{"line":21,"column":9}},"type":"if","locations":[{"start":{"line":18,"column":8},"end":{"line":21,"column":9}},{"start":{"line":18,"column":8},"end":{"line":21,"column":9}}],"line":18},"4":{"loc":{"start":{"line":42,"column":8},"end":{"line":43,"column":45}},"type":"if","locations":[{"start":{"line":42,"column":8},"end":{"line":43,"column":45}},{"start":{"line":42,"column":8},"end":{"line":43,"column":45}}],"line":42}},"s":{"0":2,"1":0,"2":2,"3":0,"4":2,"5":0,"6":2,"7":0,"8":2,"9":2,"10":2,"11":2,"12":0,"13":0,"14":0,"15":2,"16":0},"f":{"0":2,"1":0,"2":0,"3":0,"4":2},"b":{"0":[0,2],"1":[0,2],"2":[0,2],"3":[0,2],"4":[0,2]},"_coverageSchema":"1a1c01bbd47fc00a2c39e90264f33305004495a9","hash":"b2ea7d3f0be05097025ad617bf578ff84eccaa25"}
,"E:\\2021\\javascript-json-parser\\src\\io\\StringReader.js": {"path":"E:\\2021\\javascript-json-parser\\src\\io\\StringReader.js","statementMap":{"0":{"start":{"line":3,"column":13},"end":{"line":3,"column":40}},"1":{"start":{"line":8,"column":8},"end":{"line":8,"column":24}},"2":{"start":{"line":17,"column":8},"end":{"line":17,"column":26}},"3":{"start":{"line":18,"column":8},"end":{"line":23,"column":9}},"4":{"start":{"line":20,"column":12},"end":{"line":20,"column":52}},"5":{"start":{"line":21,"column":15},"end":{"line":23,"column":9}},"6":{"start":{"line":22,"column":12},"end":{"line":22,"column":21}},"7":{"start":{"line":24,"column":8},"end":{"line":25,"column":22}},"8":{"start":{"line":25,"column":12},"end":{"line":25,"column":22}},"9":{"start":{"line":26,"column":16},"end":{"line":26,"column":54}},"10":{"start":{"line":27,"column":8},"end":{"line":27,"column":62}},"11":{"start":{"line":28,"column":8},"end":{"line":28,"column":23}},"12":{"start":{"line":29,"column":8},"end":{"line":29,"column":17}},"13":{"start":{"line":33,"column":8},"end":{"line":35,"column":9}},"14":{"start":{"line":34,"column":12},"end":{"line":34,"column":59}},"15":{"start":{"line":36,"column":8},"end":{"line":38,"column":9}},"16":{"start":{"line":37,"column":12},"end":{"line":37,"column":57}},"17":{"start":{"line":39,"column":8},"end":{"line":41,"column":9}},"18":{"start":{"line":40,"column":12},"end":{"line":40,"column":76}},"19":{"start":{"line":43,"column":8},"end":{"line":46,"column":9}},"20":{"start":{"line":44,"column":12},"end":{"line":44,"column":42}},"21":{"start":{"line":45,"column":12},"end":{"line":45,"column":23}},"22":{"start":{"line":50,"column":8},"end":{"line":50,"column":26}}},"fnMap":{"0":{"name":"(anonymous_0)","decl":{"start":{"line":7,"column":4},"end":{"line":7,"column":5}},"loc":{"start":{"line":7,"column":26},"end":{"line":9,"column":5}},"line":7},"1":{"name":"(anonymous_1)","decl":{"start":{"line":16,"column":4},"end":{"line":16,"column":5}},"loc":{"start":{"line":16,"column":28},"end":{"line":30,"column":5}},"line":16},"2":{"name":"(anonymous_2)","decl":{"start":{"line":32,"column":4},"end":{"line":32,"column":5}},"loc":{"start":{"line":32,"column":46},"end":{"line":47,"column":5}},"line":32},"3":{"name":"(anonymous_3)","decl":{"start":{"line":49,"column":4},"end":{"line":49,"column":5}},"loc":{"start":{"line":49,"column":12},"end":{"line":51,"column":5}},"line":49}},"branchMap":{"0":{"loc":{"start":{"line":18,"column":8},"end":{"line":23,"column":9}},"type":"if","locations":[{"start":{"line":18,"column":8},"end":{"line":23,"column":9}},{"start":{"line":18,"column":8},"end":{"line":23,"column":9}}],"line":18},"1":{"loc":{"start":{"line":18,"column":12},"end":{"line":19,"column":66}},"type":"binary-expr","locations":[{"start":{"line":18,"column":13},"end":{"line":18,"column":23}},{"start":{"line":18,"column":29},"end":{"line":18,"column":49}},{"start":{"line":18,"column":55},"end":{"line":18,"column":62}},{"start":{"line":19,"column":13},"end":{"line":19,"column":41}},{"start":{"line":19,"column":47},"end":{"line":19,"column":65}}],"line":18},"2":{"loc":{"start":{"line":21,"column":15},"end":{"line":23,"column":9}},"type":"if","locations":[{"start":{"line":21,"column":15},"end":{"line":23,"column":9}},{"start":{"line":21,"column":15},"end":{"line":23,"column":9}}],"line":21},"3":{"loc":{"start":{"line":24,"column":8},"end":{"line":25,"column":22}},"type":"if","locations":[{"start":{"line":24,"column":8},"end":{"line":25,"column":22}},{"start":{"line":24,"column":8},"end":{"line":25,"column":22}}],"line":24},"4":{"loc":{"start":{"line":33,"column":8},"end":{"line":35,"column":9}},"type":"if","locations":[{"start":{"line":33,"column":8},"end":{"line":35,"column":9}},{"start":{"line":33,"column":8},"end":{"line":35,"column":9}}],"line":33},"5":{"loc":{"start":{"line":36,"column":8},"end":{"line":38,"column":9}},"type":"if","locations":[{"start":{"line":36,"column":8},"end":{"line":38,"column":9}},{"start":{"line":36,"column":8},"end":{"line":38,"column":9}}],"line":36},"6":{"loc":{"start":{"line":39,"column":8},"end":{"line":41,"column":9}},"type":"if","locations":[{"start":{"line":39,"column":8},"end":{"line":41,"column":9}},{"start":{"line":39,"column":8},"end":{"line":41,"column":9}}],"line":39}},"s":{"0":1,"1":2,"2":2,"3":2,"4":0,"5":2,"6":0,"7":2,"8":0,"9":2,"10":2,"11":2,"12":2,"13":2,"14":0,"15":2,"16":0,"17":2,"18":0,"19":2,"20":34,"21":34,"22":0},"f":{"0":2,"1":2,"2":2,"3":0},"b":{"0":[0,2],"1":[2,2,2,2,2],"2":[0,2],"3":[0,2],"4":[0,2],"5":[0,2],"6":[0,2]},"_coverageSchema":"1a1c01bbd47fc00a2c39e90264f33305004495a9","hash":"4ea07a3f88f9764cc54feb712c6ef28dddc35b39"}
,"E:\\2021\\javascript-json-parser\\src\\logger\\logger.js": {"path":"E:\\2021\\javascript-json-parser\\src\\logger\\logger.js","statementMap":{"0":{"start":{"line":1,"column":14},"end":{"line":1,"column":38}},"1":{"start":{"line":2,"column":14},"end":{"line":2,"column":32}},"2":{"start":{"line":4,"column":18},"end":{"line":10,"column":5}},"3":{"start":{"line":9,"column":12},"end":{"line":9,"column":62}},"4":{"start":{"line":13,"column":14},"end":{"line":20,"column":1}},"5":{"start":{"line":23,"column":13},"end":{"line":29,"column":3}},"6":{"start":{"line":32,"column":0},"end":{"line":37,"column":2}},"7":{"start":{"line":35,"column":4},"end":{"line":35,"column":25}},"8":{"start":{"line":39,"column":0},"end":{"line":39,"column":24}}},"fnMap":{"0":{"name":"(anonymous_0)","decl":{"start":{"line":9,"column":4},"end":{"line":9,"column":5}},"loc":{"start":{"line":9,"column":12},"end":{"line":9,"column":62}},"line":9},"1":{"name":"(anonymous_1)","decl":{"start":{"line":33,"column":9},"end":{"line":33,"column":10}},"loc":{"start":{"line":33,"column":37},"end":{"line":36,"column":3}},"line":33}},"branchMap":{},"s":{"0":1,"1":1,"2":1,"3":6,"4":1,"5":1,"6":1,"7":0,"8":1},"f":{"0":6,"1":0},"b":{},"_coverageSchema":"1a1c01bbd47fc00a2c39e90264f33305004495a9","hash":"c22812e330c829677a3fd66c72a5964ea495ac6f"}
}
